SF:lib\app\core\api_manger\api_client.g.dart
DA:14,0
DA:22,0
DA:24,0
DA:25,0
DA:26,0
DA:27,0
DA:28,0
DA:29,0
DA:30,0
DA:31,0
DA:32,0
DA:37,0
DA:39,0
DA:42,0
DA:44,0
DA:47,0
DA:51,0
DA:53,0
DA:54,0
DA:55,0
DA:56,0
DA:57,0
DA:58,0
DA:59,0
DA:60,0
DA:61,0
DA:66,0
DA:68,0
DA:71,0
DA:73,0
DA:76,0
DA:80,0
DA:84,0
DA:85,0
DA:86,0
DA:87,0
DA:88,0
DA:89,0
DA:90,0
DA:91,0
DA:92,0
DA:97,0
DA:99,0
DA:102,0
DA:104,0
DA:107,0
DA:111,0
DA:115,0
DA:116,0
DA:117,0
DA:118,0
DA:119,0
DA:120,0
DA:121,0
DA:122,0
DA:123,0
DA:128,0
DA:130,0
DA:133,0
DA:135,0
DA:138,0
DA:142,0
DA:146,0
DA:147,0
DA:148,0
DA:149,0
DA:150,0
DA:151,0
DA:152,0
DA:153,0
DA:154,0
DA:159,0
DA:161,0
DA:164,0
DA:166,0
DA:169,0
DA:173,0
DA:179,0
DA:180,0
DA:185,0
DA:186,0
DA:188,0
DA:189,0
DA:190,0
DA:191,0
DA:196,0
DA:198,0
DA:201,0
DA:203,0
DA:206,0
DA:210,0
DA:212,0
DA:213,0
DA:214,0
DA:216,0
DA:217,0
DA:218,0
DA:219,0
DA:224,0
DA:226,0
DA:229,0
DA:231,0
DA:234,0
DA:238,0
DA:240,0
DA:241,0
DA:242,0
DA:244,0
DA:245,0
DA:246,0
DA:247,0
DA:252,0
DA:254,0
DA:257,0
DA:259,0
DA:262,0
DA:266,0
DA:270,0
DA:271,0
DA:272,0
DA:274,0
DA:275,0
DA:276,0
DA:277,0
DA:278,0
DA:282,0
DA:284,0
DA:287,0
DA:289,0
DA:292,0
DA:296,0
DA:298,0
DA:299,0
DA:300,0
DA:302,0
DA:303,0
DA:304,0
DA:305,0
DA:310,0
DA:312,0
DA:315,0
DA:317,0
DA:320,0
DA:324,0
DA:328,0
DA:329,0
DA:330,0
DA:331,0
DA:332,0
DA:333,0
DA:334,0
DA:335,0
DA:336,0
DA:341,0
DA:343,0
DA:346,0
DA:348,0
DA:351,0
DA:355,0
DA:357,0
DA:358,0
DA:359,0
DA:361,0
DA:362,0
DA:363,0
DA:364,0
DA:365,0
DA:369,0
DA:371,0
DA:374,0
DA:376,0
DA:379,0
DA:383,0
DA:388,0
DA:389,0
DA:390,0
DA:391,0
DA:392,0
DA:393,0
DA:394,0
DA:395,0
DA:396,0
DA:397,0
DA:401,0
DA:403,0
DA:406,0
DA:408,0
DA:411,0
DA:415,0
DA:419,0
DA:420,0
DA:421,0
DA:422,0
DA:423,0
DA:424,0
DA:425,0
DA:426,0
DA:427,0
DA:432,0
DA:434,0
DA:437,0
DA:439,0
DA:442,0
DA:446,0
DA:448,0
DA:449,0
DA:450,0
DA:451,0
DA:453,0
DA:454,0
DA:455,0
DA:456,0
DA:461,0
DA:463,0
DA:466,0
DA:468,0
DA:471,0
DA:475,0
DA:480,0
DA:481,0
DA:482,0
DA:483,0
DA:484,0
DA:485,0
DA:486,0
DA:487,0
DA:488,0
DA:489,0
DA:494,0
DA:496,0
DA:499,0
DA:501,0
DA:504,0
DA:508,0
DA:513,0
DA:514,0
DA:515,0
DA:516,0
DA:517,0
DA:518,0
DA:519,0
DA:520,0
DA:526,0
DA:527,0
DA:532,0
DA:534,0
DA:537,0
DA:539,0
DA:542,0
DA:546,0
DA:548,0
DA:549,0
DA:550,0
DA:551,0
DA:553,0
DA:554,0
DA:555,0
DA:556,0
DA:561,0
DA:563,0
DA:566,0
DA:568,0
DA:571,0
DA:575,0
DA:577,0
DA:578,0
DA:579,0
DA:580,0
DA:582,0
DA:583,0
DA:584,0
DA:585,0
DA:590,0
DA:592,0
DA:595,0
DA:597,0
DA:600,0
DA:604,0
DA:606,0
DA:607,0
DA:608,0
DA:609,0
DA:611,0
DA:612,0
DA:613,0
DA:614,0
DA:619,0
DA:621,0
DA:624,0
DA:626,0
DA:629,0
DA:633,0
DA:639,0
DA:640,0
DA:641,0
DA:642,0
DA:643,0
DA:644,0
DA:645,0
DA:646,0
DA:647,0
DA:648,0
DA:649,0
DA:654,0
DA:656,0
DA:659,0
DA:661,0
DA:664,0
DA:668,0
DA:673,0
DA:674,0
DA:675,0
DA:676,0
DA:677,0
DA:678,0
DA:679,0
DA:680,0
DA:681,0
DA:682,0
DA:687,0
DA:689,0
DA:692,0
DA:694,0
DA:697,0
DA:701,0
DA:705,0
DA:706,0
DA:707,0
DA:708,0
DA:710,0
DA:711,0
DA:712,0
DA:713,0
DA:718,0
DA:720,0
DA:723,0
DA:725,0
DA:728,0
DA:732,0
DA:737,0
DA:738,0
DA:739,0
DA:740,0
DA:742,0
DA:743,0
DA:744,0
DA:745,0
DA:746,0
DA:750,0
DA:752,0
DA:755,0
DA:757,0
DA:760,0
DA:764,0
DA:770,0
DA:771,0
DA:772,0
DA:773,0
DA:774,0
DA:775,0
DA:776,0
DA:777,0
DA:778,0
DA:779,0
DA:780,0
DA:784,0
DA:786,0
DA:789,0
DA:791,0
DA:794,0
DA:798,0
DA:800,0
DA:801,0
DA:802,0
DA:803,0
DA:805,0
DA:806,0
DA:807,0
DA:808,0
DA:813,0
DA:815,0
DA:818,0
DA:820,0
DA:826,0
DA:827,0
DA:828,0
DA:829,0
DA:830,0
DA:831,0
DA:833,0
DA:839,0
DA:840,0
DA:844,0
DA:846,0
DA:847,0
DA:850,0
LF:396
LH:0
end_of_record
SF:lib\app\core\network\api_result.dart
DA:5,1
DA:10,1
LF:2
LH:2
end_of_record
SF:lib\features\auth\api\datasource\auth_remote_datasource_impl.dart
DA:23,1
DA:24,1
DA:26,1
DA:27,3
DA:31,1
DA:41,1
DA:42,4
DA:54,0
DA:58,0
DA:61,0
DA:65,0
DA:68,0
DA:72,0
DA:75,1
DA:77,4
DA:80,0
DA:84,0
LF:17
LH:9
end_of_record
SF:lib\features\auth\data\models\request\login_request_model.dart
DA:12,1
DA:14,0
DA:15,0
DA:18,0
DA:19,0
LF:5
LH:1
end_of_record
SF:lib\features\auth\data\models\request\login_request_model.g.dart
DA:9,0
DA:10,0
DA:11,0
DA:14,0
DA:15,0
LF:5
LH:0
end_of_record
SF:lib\features\auth\data\models\response\login_response_model.dart
DA:17,1
DA:19,0
DA:20,0
DA:23,0
DA:24,0
DA:27,0
DA:28,0
DA:29,0
DA:30,0
DA:32,0
DA:33,0
DA:40,0
LF:12
LH:1
end_of_record
SF:lib\features\auth\data\models\response\login_response_model.g.dart
DA:9,0
DA:10,0
DA:11,0
DA:12,0
DA:14,0
DA:15,0
DA:18,0
DA:19,0
DA:20,0
DA:21,0
DA:22,0
LF:11
LH:0
end_of_record
SF:lib\features\auth\data\models\response\logout_response_model.dart
DA:12,1
DA:14,0
DA:15,0
DA:18,0
DA:19,0
LF:5
LH:1
end_of_record
SF:lib\features\auth\data\models\response\logout_response_model.g.dart
DA:9,0
DA:10,0
DA:11,0
DA:12,0
DA:15,0
DA:16,0
LF:6
LH:0
end_of_record
SF:lib\features\auth\data\models\response\signup_dto.dart
DA:16,1
DA:18,0
DA:19,0
DA:20,0
DA:48,1
DA:62,0
DA:63,0
DA:64,0
LF:8
LH:2
end_of_record
SF:lib\features\auth\data\models\response\signup_dto.g.dart
DA:9,0
DA:10,0
DA:11,0
DA:13,0
DA:14,0
DA:15,0
DA:18,0
DA:19,0
DA:20,0
DA:21,0
DA:22,0
DA:25,0
DA:26,0
DA:27,0
DA:28,0
DA:29,0
DA:30,0
DA:31,0
DA:32,0
DA:33,0
DA:34,0
DA:35,0
DA:36,0
DA:39,0
DA:40,0
DA:41,0
DA:42,0
DA:43,0
DA:44,0
DA:45,0
DA:46,0
DA:47,0
DA:48,0
DA:49,0
DA:50,0
LF:35
LH:0
end_of_record
SF:lib\features\addresses\data\models\address_response.dart
DA:16,0
DA:18,0
DA:19,0
DA:22,0
DA:23,0
DA:26,0
DA:27,0
LF:7
LH:0
end_of_record
SF:lib\features\addresses\data\models\address_response.g.dart
DA:9,0
DA:10,0
DA:11,0
DA:12,0
DA:13,0
DA:14,0
DA:15,0
DA:18,0
DA:19,0
DA:20,0
DA:21,0
DA:22,0
LF:12
LH:0
end_of_record
SF:lib\features\addresses\data\models\get_address_response.dart
DA:16,0
DA:18,0
DA:19,0
DA:22,0
DA:23,0
DA:26,0
DA:27,0
LF:7
LH:0
end_of_record
SF:lib\features\addresses\data\models\get_address_response.g.dart
DA:9,0
DA:10,0
DA:11,0
DA:12,0
DA:13,0
DA:14,0
DA:15,0
DA:18,0
DA:19,0
DA:20,0
DA:21,0
DA:22,0
LF:12
LH:0
end_of_record
SF:lib\features\addresses\data\models\response\add_address_response_model.dart
DA:14,0
DA:16,0
DA:17,0
DA:19,0
LF:4
LH:0
end_of_record
SF:lib\features\addresses\data\models\response\add_address_response_model.g.dart
DA:9,0
DA:10,0
DA:11,0
DA:12,0
DA:13,0
DA:14,0
DA:17,0
DA:18,0
LF:8
LH:0
end_of_record
SF:lib\features\addresses\data\models\response\address_model.dart
DA:25,0
DA:34,0
DA:35,0
DA:37,0
LF:4
LH:0
end_of_record
SF:lib\features\addresses\data\models\response\address_model.g.dart
DA:9,0
DA:10,0
DA:11,0
DA:12,0
DA:13,0
DA:14,0
DA:15,0
DA:18,0
DA:19,0
DA:20,0
DA:21,0
DA:22,0
DA:23,0
DA:24,0
DA:25,0
LF:15
LH:0
end_of_record
SF:lib\features\auth\data\models\request\change-password-request-models\change-password-request-model.dart
DA:10,0
DA:15,0
DA:16,0
DA:18,0
LF:4
LH:0
end_of_record
SF:lib\features\auth\data\models\request\change-password-request-models\change-password-request-model.g.dart
DA:9,0
DA:11,0
DA:12,0
DA:13,0
DA:16,0
DA:18,0
DA:19,0
DA:20,0
LF:8
LH:0
end_of_record
SF:lib\features\auth\data\models\request\forget_password_request_model\forget_password_request_model.dart
DA:7,0
DA:8,0
DA:9,0
DA:10,0
LF:4
LH:0
end_of_record
SF:lib\features\auth\data\models\request\forget_password_request_model\forget_password_request_model.g.dart
DA:9,0
DA:11,0
DA:13,0
DA:15,0
LF:4
LH:0
end_of_record
SF:lib\features\auth\data\models\request\reset_password_request_model\reset_password_request_model.dart
DA:10,0
DA:12,0
DA:13,0
DA:15,0
LF:4
LH:0
end_of_record
SF:lib\features\auth\data\models\request\reset_password_request_model\reset_password_request_model.g.dart
DA:9,0
DA:11,0
DA:12,0
DA:13,0
DA:16,0
DA:18,0
DA:19,0
DA:20,0
LF:8
LH:0
end_of_record
SF:lib\features\auth\data\models\request\verify_reset_code_request_model\verify_reset_code_request.dart
DA:9,0
DA:11,0
DA:12,0
DA:14,0
LF:4
LH:0
end_of_record
SF:lib\features\auth\data\models\request\verify_reset_code_request_model\verify_reset_code_request.g.dart
DA:9,0
DA:11,0
DA:13,0
DA:15,0
LF:4
LH:0
end_of_record
SF:lib\features\auth\data\models\response\change-password-response-models\change-password-response-model.dart
DA:12,0
DA:14,0
DA:15,0
DA:17,0
DA:19,0
DA:20,0
LF:6
LH:0
end_of_record
SF:lib\features\auth\data\models\response\change-password-response-models\change-password-response-model.g.dart
DA:9,0
DA:11,0
DA:12,0
DA:13,0
DA:16,0
DA:18,0
LF:6
LH:0
end_of_record
SF:lib\features\auth\data\models\response\forget_password_response_model\forget_password_response_model.dart
DA:8,0
DA:9,0
DA:10,0
DA:11,0
LF:4
LH:0
end_of_record
SF:lib\features\auth\data\models\response\forget_password_response_model\forget_password_response_model.g.dart
DA:9,0
DA:11,0
DA:12,0
DA:13,0
DA:16,0
DA:18,0
LF:6
LH:0
end_of_record
SF:lib\features\auth\data\models\response\reset_password_response_model\reset_password_response_model.dart
DA:13,0
DA:15,0
DA:16,0
DA:18,0
DA:20,0
DA:21,0
LF:6
LH:0
end_of_record
SF:lib\features\auth\data\models\response\reset_password_response_model\reset_password_response_model.g.dart
DA:9,0
DA:11,0
DA:12,0
DA:13,0
DA:14,0
DA:17,0
DA:19,0
DA:20,0
DA:21,0
DA:22,0
LF:10
LH:0
end_of_record
SF:lib\features\auth\data\models\response\verify_reset_code_response_model\verify_reset_code_response_model.dart
DA:8,0
DA:10,0
DA:11,0
DA:13,0
LF:4
LH:0
end_of_record
SF:lib\features\auth\data\models\response\verify_reset_code_response_model\verify_reset_code_response_model.g.dart
DA:9,0
DA:11,0
DA:13,0
DA:15,0
LF:4
LH:0
end_of_record
SF:lib\features\checkout\data\models\response\address_check_out_response.dart
DA:6,0
DA:8,0
DA:9,0
DA:20,0
DA:22,0
DA:23,0
DA:25,0
DA:27,0
DA:28,0
DA:55,0
DA:65,0
DA:66,0
DA:68,0
DA:70,0
DA:71,0
DA:72,0
DA:73,0
DA:74,0
DA:75,0
DA:76,0
DA:77,0
DA:78,0
LF:22
LH:0
end_of_record
SF:lib\features\checkout\data\models\response\address_check_out_response.g.dart
DA:9,0
DA:11,0
DA:12,0
DA:13,0
DA:14,0
DA:15,0
DA:18,0
DA:20,0
DA:21,0
DA:22,0
DA:25,0
DA:26,0
DA:27,0
DA:28,0
DA:29,0
DA:30,0
DA:31,0
DA:32,0
DA:35,0
DA:36,0
DA:37,0
DA:38,0
DA:39,0
DA:40,0
DA:41,0
DA:42,0
LF:26
LH:0
end_of_record
SF:lib\features\checkout\data\models\response\cash_order_response.dart
DA:16,0
DA:18,0
DA:19,0
DA:21,0
DA:23,0
DA:24,0
DA:25,0
DA:26,0
DA:27,0
DA:28,0
DA:29,0
DA:30,0
DA:31,0
DA:32,0
DA:33,0
DA:34,0
DA:35,0
DA:67,0
DA:82,0
DA:84,0
DA:98,0
DA:105,0
DA:106,0
DA:108,0
DA:110,0
DA:111,0
DA:112,0
DA:113,0
DA:114,0
DA:115,0
DA:161,0
DA:183,0
DA:184,0
DA:186,0
DA:188,0
DA:189,0
DA:190,0
DA:191,0
DA:192,0
DA:193,0
DA:194,0
DA:195,0
DA:196,0
DA:197,0
LF:44
LH:0
end_of_record
SF:lib\features\checkout\data\models\response\cash_order_response.g.dart
DA:9,0
DA:10,0
DA:11,0
DA:12,0
DA:15,0
DA:16,0
DA:18,0
DA:19,0
DA:20,0
DA:21,0
DA:22,0
DA:23,0
DA:24,0
DA:25,0
DA:26,0
DA:27,0
DA:28,0
DA:29,0
DA:30,0
DA:31,0
DA:32,0
DA:35,0
DA:36,0
DA:37,0
DA:38,0
DA:39,0
DA:40,0
DA:41,0
DA:42,0
DA:43,0
DA:44,0
DA:45,0
DA:46,0
DA:47,0
DA:50,0
DA:51,0
DA:52,0
DA:53,0
DA:54,0
DA:57,0
DA:58,0
DA:59,0
DA:60,0
DA:61,0
DA:64,0
DA:65,0
DA:66,0
DA:67,0
DA:68,0
DA:69,0
DA:70,0
DA:71,0
DA:72,0
DA:73,0
DA:74,0
DA:75,0
DA:76,0
DA:77,0
DA:78,0
DA:79,0
DA:80,0
DA:81,0
DA:82,0
DA:83,0
DA:86,0
DA:87,0
DA:88,0
DA:89,0
DA:90,0
DA:91,0
DA:92,0
DA:93,0
DA:94,0
DA:95,0
DA:96,0
DA:97,0
DA:98,0
DA:99,0
DA:100,0
DA:101,0
DA:102,0
DA:103,0
DA:104,0
DA:105,0
LF:84
LH:0
end_of_record
SF:lib\features\e_commerce\data\models\response\all_categories_dto.dart
DA:14,0
DA:16,0
DA:17,0
DA:18,0
DA:40,0
DA:51,0
DA:52,0
DA:53,0
DA:67,0
DA:69,0
DA:70,0
DA:71,0
LF:12
LH:0
end_of_record
SF:lib\features\e_commerce\data\models\response\all_categories_dto.g.dart
DA:9,0
DA:10,0
DA:11,0
DA:12,0
DA:14,0
DA:15,0
DA:16,0
DA:17,0
DA:19,0
DA:21,0
DA:24,0
DA:25,0
DA:26,0
DA:27,0
DA:28,0
DA:31,0
DA:32,0
DA:33,0
DA:34,0
DA:35,0
DA:36,0
DA:37,0
DA:38,0
DA:39,0
DA:40,0
DA:43,0
DA:44,0
DA:45,0
DA:46,0
DA:47,0
DA:48,0
DA:49,0
DA:50,0
DA:51,0
DA:52,0
DA:55,0
DA:56,0
DA:57,0
DA:58,0
DA:59,0
DA:62,0
DA:63,0
DA:64,0
DA:65,0
DA:66,0
DA:67,0
LF:46
LH:0
end_of_record
SF:lib\features\e_commerce\data\models\response\product_details_response.dart
DA:10,0
DA:12,0
DA:13,0
DA:15,0
LF:4
LH:0
end_of_record
SF:lib\features\e_commerce\data\models\response\product_details_response.g.dart
DA:9,0
DA:11,0
DA:12,0
DA:13,0
DA:14,0
DA:18,0
DA:20,0
DA:21,0
DA:22,0
LF:9
LH:0
end_of_record
SF:lib\features\e_commerce\data\models\response\products_response.dart
DA:10,0
DA:12,0
DA:13,0
DA:14,0
DA:15,0
DA:16,0
DA:18,0
DA:19,0
DA:20,0
DA:24,0
DA:25,0
DA:26,0
DA:27,0
DA:28,0
LF:14
LH:0
end_of_record
SF:lib\features\edit_profile\data\models\request\editprofile_request\edit_profile_request.dart
DA:19,0
DA:21,0
DA:22,0
DA:24,0
LF:4
LH:0
end_of_record
SF:lib\features\edit_profile\data\models\request\editprofile_request\edit_profile_request.g.dart
DA:9,0
DA:10,0
DA:11,0
DA:12,0
DA:13,0
DA:14,0
DA:17,0
DA:18,0
DA:19,0
DA:20,0
DA:21,0
DA:22,0
LF:12
LH:0
end_of_record
SF:lib\features\edit_profile\data\models\response\editprofile_response\edit_profile_resonse.dart
DA:11,0
DA:13,0
DA:14,0
DA:16,0
DA:46,0
DA:61,0
DA:63,0
LF:7
LH:0
end_of_record
SF:lib\features\edit_profile\data\models\response\editprofile_response\edit_profile_resonse.g.dart
DA:9,0
DA:10,0
DA:11,0
DA:12,0
DA:14,0
DA:17,0
DA:19,0
DA:21,0
DA:22,0
DA:23,0
DA:24,0
DA:25,0
DA:26,0
DA:27,0
DA:28,0
DA:29,0
DA:30,0
DA:31,0
DA:32,0
DA:33,0
DA:35,0
DA:38,0
DA:39,0
DA:40,0
DA:41,0
DA:42,0
DA:43,0
DA:44,0
DA:45,0
DA:46,0
DA:47,0
DA:48,0
DA:49,0
DA:50,0
LF:34
LH:0
end_of_record
SF:lib\features\home\data\models\response\home_response.dart
DA:23,0
DA:31,0
DA:32,0
DA:35,0
DA:36,0
DA:39,0
DA:40,0
DA:41,0
DA:42,0
DA:43,0
DA:44,0
DA:45,0
LF:12
LH:0
end_of_record
SF:lib\features\home\data\models\response\home_response.g.dart
DA:9,0
DA:10,0
DA:11,0
DA:12,0
DA:13,0
DA:14,0
DA:15,0
DA:16,0
DA:17,0
DA:18,0
DA:19,0
DA:20,0
DA:21,0
DA:22,0
DA:25,0
DA:26,0
DA:27,0
DA:28,0
DA:29,0
DA:30,0
DA:31,0
LF:21
LH:0
end_of_record
SF:lib\features\main_profile\data\models\response\orders_response.dart
DA:13,0
DA:15,0
DA:16,0
DA:18,0
DA:32,0
DA:34,0
DA:35,0
DA:37,0
DA:71,0
DA:88,0
DA:90,0
DA:104,0
DA:106,0
DA:107,0
DA:109,0
DA:153,0
DA:175,0
DA:176,0
DA:178,0
DA:240,0
DA:242,0
DA:243,0
DA:245,0
LF:23
LH:0
end_of_record
SF:lib\features\main_profile\data\models\response\orders_response.g.dart
DA:9,0
DA:10,0
DA:11,0
DA:12,0
DA:14,0
DA:15,0
DA:16,0
DA:17,0
DA:20,0
DA:21,0
DA:22,0
DA:23,0
DA:24,0
DA:27,0
DA:28,0
DA:29,0
DA:30,0
DA:31,0
DA:34,0
DA:35,0
DA:36,0
DA:37,0
DA:38,0
DA:41,0
DA:42,0
DA:44,0
DA:45,0
DA:47,0
DA:48,0
DA:49,0
DA:50,0
DA:51,0
DA:52,0
DA:53,0
DA:54,0
DA:55,0
DA:57,0
DA:58,0
DA:59,0
DA:60,0
DA:62,0
DA:63,0
DA:65,0
DA:66,0
DA:67,0
DA:70,0
DA:71,0
DA:72,0
DA:73,0
DA:74,0
DA:75,0
DA:76,0
DA:77,0
DA:78,0
DA:79,0
DA:80,0
DA:81,0
DA:82,0
DA:83,0
DA:84,0
DA:95,0
DA:96,0
DA:98,0
DA:99,0
DA:100,0
DA:101,0
DA:104,0
DA:105,0
DA:106,0
DA:107,0
DA:108,0
DA:111,0
DA:112,0
DA:113,0
DA:114,0
DA:115,0
DA:116,0
DA:117,0
DA:118,0
DA:119,0
DA:120,0
DA:121,0
DA:122,0
DA:123,0
DA:125,0
DA:126,0
DA:128,0
DA:129,0
DA:130,0
DA:131,0
DA:132,0
DA:133,0
DA:134,0
DA:137,0
DA:138,0
DA:139,0
DA:140,0
DA:141,0
DA:142,0
DA:143,0
DA:144,0
DA:145,0
DA:146,0
DA:147,0
DA:148,0
DA:149,0
DA:150,0
DA:151,0
DA:152,0
DA:153,0
DA:154,0
DA:155,0
DA:156,0
DA:187,0
DA:188,0
DA:189,0
DA:190,0
DA:191,0
DA:192,0
DA:193,0
DA:196,0
DA:197,0
DA:198,0
DA:199,0
DA:200,0
DA:201,0
DA:202,0
LF:127
LH:0
end_of_record
SF:lib\features\main_profile\data\models\response\profile_response.dart
DA:14,0
DA:16,0
DA:17,0
DA:19,0
DA:21,0
DA:22,0
DA:23,0
DA:24,0
DA:25,0
DA:26,0
DA:27,0
DA:28,0
DA:29,0
DA:30,0
DA:31,0
DA:32,0
DA:33,0
DA:34,0
LF:18
LH:0
end_of_record
SF:lib\features\main_profile\data\models\response\profile_response.g.dart
DA:9,0
DA:10,0
DA:11,0
DA:12,0
DA:14,0
DA:17,0
DA:18,0
DA:19,0
DA:20,0
LF:9
LH:0
end_of_record
SF:lib\features\orders\data\models\paymentRequest.dart
DA:9,0
DA:11,0
DA:12,0
DA:14,0
DA:30,0
DA:32,0
DA:33,0
DA:35,0
LF:8
LH:0
end_of_record
SF:lib\features\orders\data\models\paymentRequest.g.dart
DA:9,0
DA:10,0
DA:11,0
DA:13,0
DA:14,0
DA:18,0
DA:19,0
DA:21,0
DA:22,0
DA:23,0
DA:24,0
DA:25,0
DA:26,0
DA:27,0
DA:30,0
DA:31,0
DA:32,0
DA:33,0
DA:34,0
DA:35,0
DA:36,0
LF:21
LH:0
end_of_record
SF:lib\features\orders\data\models\paymentResonse.dart
DA:11,0
DA:13,0
DA:14,0
DA:16,0
DA:140,0
DA:202,0
DA:203,0
DA:205,0
DA:213,0
DA:215,0
DA:216,0
DA:218,0
DA:232,0
DA:234,0
DA:235,0
DA:237,0
DA:257,0
DA:267,0
DA:268,0
DA:270,0
DA:280,0
DA:282,0
DA:284,0
DA:296,0
DA:302,0
DA:303,0
DA:305,0
DA:319,0
DA:326,0
DA:327,0
DA:329,0
DA:351,0
DA:362,0
DA:363,0
DA:365,0
DA:375,0
DA:377,0
DA:378,0
DA:380,0
DA:400,0
DA:410,0
DA:411,0
DA:413,0
DA:418,0
DA:420,0
DA:421,0
DA:423,0
DA:433,0
DA:435,0
DA:437,0
DA:439,0
DA:440,0
DA:448,0
DA:450,0
DA:451,0
DA:453,0
DA:461,0
DA:463,0
DA:465,0
DA:477,0
DA:479,0
DA:480,0
DA:482,0
LF:63
LH:0
end_of_record
SF:lib\features\orders\data\models\paymentResonse.g.dart
DA:9,0
DA:10,0
DA:11,0
DA:12,0
DA:14,0
DA:17,0
DA:18,0
DA:20,0
DA:21,0
DA:22,0
DA:23,0
DA:25,0
DA:26,0
DA:28,0
DA:29,0
DA:30,0
DA:31,0
DA:32,0
DA:34,0
DA:35,0
DA:36,0
DA:38,0
DA:39,0
DA:41,0
DA:42,0
DA:43,0
DA:44,0
DA:46,0
DA:47,0
DA:49,0
DA:50,0
DA:51,0
DA:52,0
DA:53,0
DA:54,0
DA:55,0
DA:57,0
DA:58,0
DA:59,0
DA:60,0
DA:61,0
DA:63,0
DA:64,0
DA:66,0
DA:67,0
DA:68,0
DA:69,0
DA:70,0
DA:72,0
DA:73,0
DA:75,0
DA:76,0
DA:77,0
DA:79,0
DA:80,0
DA:81,0
DA:82,0
DA:83,0
DA:84,0
DA:86,0
DA:88,0
DA:89,0
DA:91,0
DA:93,0
DA:94,0
DA:96,0
DA:97,0
DA:98,0
DA:99,0
DA:100,0
DA:101,0
DA:103,0
DA:104,0
DA:106,0
DA:107,0
DA:108,0
DA:109,0
DA:110,0
DA:111,0
DA:112,0
DA:113,0
DA:114,0
DA:115,0
DA:116,0
DA:117,0
DA:119,0
DA:120,0
DA:121,0
DA:122,0
DA:125,0
DA:126,0
DA:127,0
DA:128,0
DA:129,0
DA:130,0
DA:131,0
DA:132,0
DA:133,0
DA:134,0
DA:135,0
DA:136,0
DA:137,0
DA:138,0
DA:139,0
DA:140,0
DA:141,0
DA:142,0
DA:143,0
DA:144,0
DA:145,0
DA:146,0
DA:147,0
DA:148,0
DA:149,0
DA:150,0
DA:151,0
DA:152,0
DA:153,0
DA:154,0
DA:155,0
DA:156,0
DA:157,0
DA:158,0
DA:159,0
DA:160,0
DA:161,0
DA:162,0
DA:163,0
DA:165,0
DA:166,0
DA:167,0
DA:168,0
DA:169,0
DA:170,0
DA:171,0
DA:172,0
DA:173,0
DA:174,0
DA:175,0
DA:176,0
DA:177,0
DA:178,0
DA:179,0
DA:180,0
DA:181,0
DA:182,0
DA:183,0
DA:184,0
DA:185,0
DA:188,0
DA:189,0
DA:191,0
DA:192,0
DA:194,0
DA:195,0
DA:196,0
DA:197,0
DA:198,0
DA:201,0
DA:202,0
DA:203,0
DA:204,0
DA:205,0
DA:206,0
DA:209,0
DA:210,0
DA:211,0
DA:212,0
DA:213,0
DA:214,0
DA:215,0
DA:216,0
DA:218,0
DA:219,0
DA:221,0
DA:224,0
DA:225,0
DA:226,0
DA:227,0
DA:228,0
DA:229,0
DA:230,0
DA:231,0
DA:232,0
DA:235,0
DA:236,0
DA:238,0
DA:239,0
DA:240,0
DA:243,0
DA:245,0
DA:246,0
DA:247,0
DA:248,0
DA:251,0
DA:253,0
DA:254,0
DA:255,0
DA:256,0
DA:259,0
DA:260,0
DA:261,0
DA:262,0
DA:263,0
DA:266,0
DA:267,0
DA:268,0
DA:269,0
DA:270,0
DA:271,0
DA:274,0
DA:275,0
DA:276,0
DA:277,0
DA:278,0
DA:279,0
DA:280,0
DA:281,0
DA:282,0
DA:283,0
DA:286,0
DA:287,0
DA:288,0
DA:289,0
DA:290,0
DA:291,0
DA:292,0
DA:293,0
DA:294,0
DA:295,0
DA:298,0
DA:299,0
DA:300,0
DA:301,0
DA:303,0
DA:306,0
DA:307,0
DA:308,0
DA:309,0
DA:312,0
DA:313,0
DA:314,0
DA:315,0
DA:316,0
DA:317,0
DA:318,0
DA:320,0
DA:321,0
DA:324,0
DA:325,0
DA:326,0
DA:327,0
DA:328,0
DA:329,0
DA:330,0
DA:331,0
DA:332,0
DA:335,0
DA:337,0
DA:339,0
DA:341,0
DA:342,0
DA:343,0
DA:346,0
DA:348,0
DA:350,0
DA:352,0
DA:353,0
DA:355,0
DA:358,0
DA:360,0
DA:362,0
DA:363,0
DA:365,0
DA:366,0
DA:369,0
DA:370,0
DA:371,0
DA:372,0
DA:375,0
DA:376,0
DA:377,0
DA:378,0
DA:379,0
LF:284
LH:0
end_of_record
SF:lib\features\orders\data\models\user_carts_dto.dart
DA:16,0
DA:18,0
DA:19,0
DA:20,0
DA:42,0
DA:53,0
DA:54,0
DA:55,0
DA:69,0
DA:71,0
DA:72,0
DA:73,0
DA:117,0
DA:139,0
DA:140,0
DA:141,0
LF:16
LH:0
end_of_record
SF:lib\features\orders\data\models\user_carts_dto.g.dart
DA:9,0
DA:10,0
DA:11,0
DA:12,0
DA:13,0
DA:15,0
DA:18,0
DA:19,0
DA:20,0
DA:21,0
DA:22,0
DA:23,0
DA:26,0
DA:27,0
DA:28,0
DA:29,0
DA:30,0
DA:31,0
DA:32,0
DA:34,0
DA:35,0
DA:36,0
DA:37,0
DA:38,0
DA:39,0
DA:42,0
DA:43,0
DA:44,0
DA:45,0
DA:46,0
DA:47,0
DA:48,0
DA:49,0
DA:50,0
DA:53,0
DA:54,0
DA:56,0
DA:57,0
DA:58,0
DA:59,0
DA:62,0
DA:63,0
DA:64,0
DA:65,0
DA:66,0
DA:67,0
DA:70,0
DA:71,0
DA:72,0
DA:73,0
DA:74,0
DA:75,0
DA:76,0
DA:77,0
DA:78,0
DA:79,0
DA:80,0
DA:81,0
DA:82,0
DA:83,0
DA:84,0
DA:85,0
DA:86,0
DA:87,0
DA:88,0
DA:89,0
DA:90,0
DA:91,0
DA:92,0
DA:95,0
DA:96,0
DA:97,0
DA:98,0
DA:99,0
DA:100,0
DA:101,0
DA:102,0
DA:103,0
DA:104,0
DA:105,0
DA:106,0
DA:107,0
DA:108,0
DA:109,0
DA:110,0
DA:111,0
DA:112,0
DA:113,0
DA:114,0
DA:115,0
LF:90
LH:0
end_of_record
SF:lib\app\config\auth_storage\auth_storage.dart
DA:12,0
DA:13,0
DA:14,0
DA:17,0
DA:18,0
DA:19,0
DA:22,0
DA:23,0
DA:24,0
DA:27,0
DA:28,0
DA:29,0
DA:30,0
DA:31,0
DA:32,0
DA:33,0
DA:34,0
DA:35,0
DA:36,0
DA:37,0
DA:38,0
DA:40,0
DA:43,0
DA:44,0
DA:45,0
DA:48,0
DA:49,0
DA:50,0
DA:51,0
DA:52,0
DA:53,0
DA:54,0
DA:55,0
DA:56,0
DA:57,0
DA:58,0
DA:62,0
DA:63,0
DA:64,0
DA:67,0
DA:68,0
DA:69,0
DA:72,0
DA:73,0
DA:74,0
DA:77,0
DA:78,0
DA:79,0
DA:80,0
LF:49
LH:0
end_of_record
SF:lib\features\auth\domain\models\user_model.dart
DA:15,0
DA:27,0
DA:28,0
DA:29,0
DA:30,0
DA:31,0
DA:32,0
DA:33,0
DA:34,0
DA:35,0
DA:36,0
DA:37,0
LF:12
LH:0
end_of_record
SF:lib\app\core\network\safe_api_call.dart
DA:7,1
DA:11,2
DA:13,1
DA:14,3
DA:15,3
DA:16,2
DA:18,0
DA:19,0
DA:22,1
DA:23,0
DA:25,0
DA:26,0
DA:27,0
DA:28,0
DA:32,0
DA:34,2
LF:16
LH:8
end_of_record
SF:lib\features\addresses\data\models\address_request.dart
DA:20,0
DA:29,0
DA:30,0
DA:33,0
DA:34,0
LF:5
LH:0
end_of_record
SF:lib\features\addresses\data\models\address_request.g.dart
DA:9,0
DA:10,0
DA:11,0
DA:12,0
DA:13,0
DA:14,0
DA:15,0
DA:16,0
DA:19,0
DA:20,0
DA:21,0
DA:22,0
DA:23,0
DA:24,0
DA:25,0
DA:26,0
LF:16
LH:0
end_of_record
SF:lib\features\addresses\data\datasource\address_datasource_impl.dart
DA:16,0
DA:17,0
DA:19,0
DA:22,0
DA:27,0
DA:28,0
DA:32,0
DA:37,0
DA:38,0
DA:39,0
DA:43,0
DA:49,0
DA:50,0
LF:13
LH:0
end_of_record
SF:lib\features\addresses\data\models\address_model.dart
DA:23,0
DA:33,0
DA:34,0
DA:37,0
DA:38,0
DA:41,0
DA:42,0
DA:43,0
DA:44,0
DA:45,0
DA:46,0
DA:47,0
DA:48,0
DA:49,0
LF:14
LH:0
end_of_record
SF:lib\features\addresses\data\models\address_model.g.dart
DA:9,0
DA:10,0
DA:11,0
DA:12,0
DA:13,0
DA:14,0
DA:15,0
DA:16,0
DA:19,0
DA:20,0
DA:21,0
DA:22,0
DA:23,0
DA:24,0
DA:25,0
DA:26,0
LF:16
LH:0
end_of_record
SF:lib\features\addresses\domain\models\address_entity.dart
DA:10,0
LF:1
LH:0
end_of_record
SF:lib\features\auth\domain\models\change_password_entity.dart
DA:5,0
LF:1
LH:0
end_of_record
SF:lib\features\auth\data\models\response\user_model.dart
DA:31,0
DA:45,0
DA:46,0
DA:49,0
DA:50,0
DA:53,0
DA:54,0
DA:55,0
DA:56,0
DA:57,0
DA:58,0
DA:59,0
DA:60,0
DA:61,0
LF:14
LH:0
end_of_record
SF:lib\features\auth\data\models\response\user_model.g.dart
DA:9,0
DA:10,0
DA:11,0
DA:12,0
DA:13,0
DA:14,0
DA:15,0
DA:16,0
DA:17,0
DA:18,0
DA:19,0
DA:20,0
DA:23,0
DA:24,0
DA:25,0
DA:26,0
DA:27,0
DA:28,0
DA:29,0
DA:30,0
DA:31,0
DA:32,0
DA:33,0
DA:34,0
LF:24
LH:0
end_of_record
SF:lib\features\auth\domain\models\login_model.dart
DA:8,0
LF:1
LH:0
end_of_record
SF:lib\features\auth\domain\models\reset_password_entity.dart
DA:6,0
LF:1
LH:0
end_of_record
SF:lib\features\checkout\domain\models\address_model.dart
DA:10,0
LF:1
LH:0
end_of_record
SF:lib\features\checkout\domain\models\cash_order_model.dart
DA:16,0
DA:30,0
DA:31,0
DA:32,0
DA:33,0
DA:34,0
DA:35,0
DA:36,0
DA:37,0
DA:38,0
DA:39,0
DA:40,0
DA:41,0
DA:42,0
DA:52,0
DA:59,0
DA:60,0
DA:73,0
DA:84,0
DA:85,0
DA:86,0
DA:87,0
DA:88,0
DA:89,0
DA:90,0
DA:91,0
DA:92,0
DA:93,0
LF:28
LH:0
end_of_record
SF:lib\features\e_commerce\data\models\response\meta_data.dart
DA:7,0
DA:9,0
DA:10,0
DA:11,0
DA:12,0
DA:13,0
DA:14,0
DA:18,0
DA:19,0
DA:20,0
DA:21,0
DA:22,0
DA:23,0
LF:13
LH:0
end_of_record
SF:lib\features\e_commerce\data\models\response\product_details_model.dart
DA:7,0
DA:20,0
DA:21,0
DA:22,0
DA:23,0
DA:24,0
DA:25,0
DA:26,0
DA:27,0
DA:28,0
DA:29,0
DA:30,0
DA:31,0
DA:35,0
DA:36,0
DA:37,0
DA:38,0
DA:39,0
DA:40,0
DA:41,0
DA:42,0
DA:43,0
DA:44,0
DA:45,0
DA:48,0
LF:25
LH:0
end_of_record
SF:lib\features\e_commerce\data\models\response\product_details_model.g.dart
DA:9,0
DA:10,0
DA:11,0
DA:12,0
DA:13,0
DA:14,0
DA:15,0
DA:16,0
DA:17,0
DA:18,0
DA:19,0
DA:20,0
DA:21,0
DA:22,0
DA:25,0
DA:27,0
DA:28,0
DA:29,0
DA:30,0
DA:31,0
DA:32,0
DA:33,0
DA:34,0
DA:35,0
DA:36,0
DA:37,0
LF:26
LH:0
end_of_record
SF:lib\features\e_commerce\domain\models\product_details_entity.dart
DA:13,0
LF:1
LH:0
end_of_record
SF:lib\features\e_commerce\data\models\response\remote_product.dart
DA:23,0
DA:46,0
DA:47,0
DA:48,0
DA:49,0
DA:50,0
DA:51,0
DA:52,0
DA:53,0
DA:54,0
DA:55,0
DA:56,0
DA:57,0
DA:58,0
DA:59,0
DA:60,0
DA:61,0
DA:62,0
DA:63,0
DA:64,0
DA:65,0
DA:66,0
DA:67,0
DA:68,0
DA:69,0
DA:73,0
DA:74,0
DA:75,0
DA:76,0
DA:77,0
DA:78,0
DA:79,0
DA:80,0
DA:81,0
DA:82,0
DA:83,0
DA:84,0
DA:85,0
DA:86,0
DA:87,0
DA:88,0
DA:89,0
DA:90,0
DA:91,0
DA:92,0
DA:93,0
DA:94,0
LF:47
LH:0
end_of_record
SF:lib\features\home\data\models\best_seller_model.dart
DA:47,0
DA:69,0
DA:70,0
DA:73,0
DA:74,0
DA:77,0
DA:78,0
DA:79,0
DA:80,0
DA:81,0
DA:82,0
DA:83,0
DA:84,0
DA:85,0
DA:86,0
DA:87,0
DA:88,0
DA:89,0
DA:90,0
DA:91,0
DA:92,0
DA:93,0
DA:94,0
DA:95,0
DA:96,0
LF:25
LH:0
end_of_record
SF:lib\features\home\data\models\best_seller_model.g.dart
DA:9,0
DA:10,0
DA:11,0
DA:12,0
DA:13,0
DA:14,0
DA:15,0
DA:16,0
DA:17,0
DA:18,0
DA:19,0
DA:20,0
DA:21,0
DA:22,0
DA:23,0
DA:24,0
DA:25,0
DA:26,0
DA:27,0
DA:28,0
DA:31,0
DA:32,0
DA:33,0
DA:34,0
DA:35,0
DA:36,0
DA:37,0
DA:38,0
DA:39,0
DA:40,0
DA:41,0
DA:42,0
DA:43,0
DA:44,0
DA:45,0
DA:46,0
DA:47,0
DA:48,0
DA:49,0
DA:50,0
DA:51,0
LF:41
LH:0
end_of_record
SF:lib\features\home\domain\models\best_seller_model.dart
DA:24,0
DA:45,0
DA:46,0
DA:47,0
DA:48,0
DA:49,0
DA:50,0
DA:51,0
DA:52,0
DA:53,0
DA:54,0
DA:55,0
DA:56,0
DA:57,0
DA:58,0
DA:59,0
DA:60,0
DA:61,0
DA:62,0
DA:63,0
DA:64,0
DA:67,0
DA:68,0
DA:69,0
DA:70,0
DA:71,0
DA:72,0
DA:73,0
DA:74,0
DA:75,0
DA:76,0
DA:77,0
DA:78,0
DA:79,0
DA:80,0
LF:35
LH:0
end_of_record
SF:lib\features\home\data\models\category_model.dart
DA:23,0
DA:33,0
DA:34,0
DA:37,0
DA:38,0
DA:41,0
DA:42,0
DA:43,0
DA:44,0
DA:45,0
DA:46,0
DA:47,0
DA:48,0
DA:49,0
LF:14
LH:0
end_of_record
SF:lib\features\home\data\models\category_model.g.dart
DA:9,0
DA:10,0
DA:11,0
DA:12,0
DA:13,0
DA:14,0
DA:15,0
DA:16,0
DA:19,0
DA:20,0
DA:21,0
DA:22,0
DA:23,0
DA:24,0
DA:25,0
DA:26,0
LF:16
LH:0
end_of_record
SF:lib\features\home\domain\models\category_model.dart
DA:12,0
DA:22,0
DA:23,0
DA:24,0
DA:25,0
DA:26,0
DA:27,0
DA:28,0
DA:29,0
DA:30,0
LF:10
LH:0
end_of_record
SF:lib\features\home\data\models\occasion_model.dart
DA:23,0
DA:33,0
DA:34,0
DA:37,0
DA:38,0
DA:41,0
DA:42,0
DA:43,0
DA:44,0
DA:45,0
DA:46,0
DA:47,0
DA:48,0
DA:49,0
LF:14
LH:0
end_of_record
SF:lib\features\home\data\models\occasion_model.g.dart
DA:9,0
DA:10,0
DA:11,0
DA:12,0
DA:13,0
DA:14,0
DA:15,0
DA:16,0
DA:19,0
DA:20,0
DA:21,0
DA:22,0
DA:23,0
DA:24,0
DA:25,0
DA:26,0
LF:16
LH:0
end_of_record
SF:lib\features\home\domain\models\occasion_model.dart
DA:13,0
DA:24,0
DA:25,0
DA:26,0
DA:27,0
DA:28,0
DA:29,0
DA:30,0
DA:31,0
DA:32,0
DA:33,0
LF:11
LH:0
end_of_record
SF:lib\features\home\data\models\product_model.dart
DA:47,0
DA:69,0
DA:70,0
DA:73,0
DA:74,0
DA:77,0
DA:78,0
DA:79,0
DA:80,0
DA:81,0
DA:82,0
DA:83,0
DA:84,0
DA:85,0
DA:86,0
DA:87,0
DA:88,0
DA:89,0
DA:90,0
DA:91,0
DA:92,0
DA:93,0
DA:94,0
DA:95,0
DA:96,0
LF:25
LH:0
end_of_record
SF:lib\features\home\data\models\product_model.g.dart
DA:9,0
DA:10,0
DA:11,0
DA:12,0
DA:13,0
DA:14,0
DA:15,0
DA:16,0
DA:17,0
DA:18,0
DA:19,0
DA:20,0
DA:21,0
DA:22,0
DA:23,0
DA:24,0
DA:25,0
DA:26,0
DA:27,0
DA:28,0
DA:31,0
DA:32,0
DA:33,0
DA:34,0
DA:35,0
DA:36,0
DA:37,0
DA:38,0
DA:39,0
DA:40,0
DA:41,0
DA:42,0
DA:43,0
DA:44,0
DA:45,0
DA:46,0
DA:47,0
DA:48,0
DA:49,0
DA:50,0
LF:40
LH:0
end_of_record
SF:lib\features\home\domain\models\product_model.dart
DA:23,0
DA:44,0
DA:45,0
DA:46,0
DA:47,0
DA:48,0
DA:49,0
DA:50,0
DA:51,0
DA:52,0
DA:53,0
DA:54,0
DA:55,0
DA:56,0
DA:57,0
DA:58,0
DA:59,0
DA:60,0
DA:61,0
DA:62,0
DA:63,0
LF:21
LH:0
end_of_record
SF:lib\features\home\domain\models\home_model.dart
DA:14,0
DA:22,0
DA:23,0
DA:24,0
DA:25,0
DA:26,0
DA:27,0
DA:28,0
LF:8
LH:0
end_of_record
SF:lib\features\main_profile\domain\models\profile_user_model.dart
DA:31,0
DA:46,0
DA:47,0
DA:49,0
LF:4
LH:0
end_of_record
SF:lib\features\main_profile\domain\models\profile_user_model.g.dart
DA:9,0
DA:10,0
DA:11,0
DA:12,0
DA:13,0
DA:14,0
DA:15,0
DA:16,0
DA:17,0
DA:18,0
DA:19,0
DA:20,0
DA:21,0
DA:23,0
DA:24,0
DA:26,0
DA:29,0
DA:30,0
DA:31,0
DA:32,0
DA:33,0
DA:34,0
DA:35,0
DA:36,0
DA:37,0
DA:38,0
DA:39,0
DA:40,0
DA:41,0
DA:42,0
LF:30
LH:0
end_of_record
