SF:lib\app\config\auth_storage\auth_storage.dart
DA:12,1
DA:13,1
DA:14,1
DA:17,1
DA:18,1
DA:19,1
DA:22,1
DA:23,1
DA:24,1
DA:27,1
DA:28,1
DA:29,2
DA:30,1
DA:31,1
DA:32,1
DA:33,1
DA:34,1
DA:35,1
DA:36,1
DA:37,1
DA:38,1
DA:40,1
DA:43,1
DA:44,1
DA:45,1
DA:48,1
DA:49,1
DA:50,1
DA:51,1
DA:52,1
DA:53,1
DA:54,1
DA:55,1
DA:56,1
DA:57,1
DA:58,2
DA:62,1
DA:63,1
DA:64,1
DA:67,1
DA:68,1
DA:69,1
DA:72,1
DA:73,1
DA:74,1
DA:77,1
DA:78,1
DA:79,1
DA:80,1
LF:49
LH:49
end_of_record
SF:lib\features\auth\domain\models\user_model.dart
DA:15,7
DA:27,1
DA:28,1
DA:29,1
DA:30,1
DA:31,1
DA:32,1
DA:33,1
DA:34,1
DA:35,1
DA:36,1
DA:37,1
LF:12
LH:12
end_of_record
SF:lib\features\edit_profile\data\models\response\editprofile_response\edit_profile_resonse.dart
DA:11,6
DA:13,1
DA:14,1
DA:16,2
DA:46,5
DA:61,2
DA:63,2
LF:7
LH:7
end_of_record
SF:lib\features\edit_profile\data\models\response\editprofile_response\edit_profile_resonse.g.dart
DA:9,1
DA:10,1
DA:11,1
DA:12,1
DA:14,2
DA:17,1
DA:19,3
DA:21,2
DA:22,1
DA:23,1
DA:24,1
DA:25,1
DA:26,1
DA:27,1
DA:28,1
DA:29,1
DA:30,1
DA:31,1
DA:32,1
DA:33,1
DA:35,2
DA:38,2
DA:39,1
DA:40,1
DA:41,1
DA:42,1
DA:43,1
DA:44,1
DA:45,1
DA:46,1
DA:47,1
DA:48,1
DA:49,1
DA:50,2
LF:34
LH:34
end_of_record
SF:lib\app\config\base_state\base_state.dart
DA:9,14
DA:11,12
DA:12,12
DA:14,13
DA:15,13
DA:17,12
DA:18,12
DA:20,11
DA:21,11
DA:24,6
DA:25,6
DA:26,3
DA:27,0
LF:13
LH:12
end_of_record
SF:lib\features\app_start\presentation\manager\app_cubit.dart
DA:12,3
DA:14,1
DA:15,1
DA:16,1
DA:20,1
DA:21,4
DA:23,2
DA:24,4
DA:26,5
LF:9
LH:9
end_of_record
SF:lib\features\app_start\presentation\manager\app_states.dart
DA:6,1
DA:8,3
DA:10,1
DA:11,1
LF:4
LH:4
end_of_record
SF:lib\app\core\api_manger\api_client.g.dart
DA:14,0
DA:22,0
DA:24,0
DA:25,0
DA:26,0
DA:27,0
DA:28,0
DA:29,0
DA:30,0
DA:31,0
DA:32,0
DA:37,0
DA:39,0
DA:42,0
DA:44,0
DA:47,0
DA:51,0
DA:53,0
DA:54,0
DA:55,0
DA:56,0
DA:57,0
DA:58,0
DA:59,0
DA:60,0
DA:61,0
DA:66,0
DA:68,0
DA:71,0
DA:73,0
DA:76,0
DA:80,0
DA:84,0
DA:85,0
DA:86,0
DA:87,0
DA:88,0
DA:89,0
DA:90,0
DA:91,0
DA:92,0
DA:97,0
DA:99,0
DA:102,0
DA:104,0
DA:107,0
DA:111,0
DA:115,0
DA:116,0
DA:117,0
DA:118,0
DA:119,0
DA:120,0
DA:121,0
DA:122,0
DA:123,0
DA:128,0
DA:130,0
DA:133,0
DA:135,0
DA:138,0
DA:142,0
DA:146,0
DA:147,0
DA:148,0
DA:149,0
DA:150,0
DA:151,0
DA:152,0
DA:153,0
DA:154,0
DA:159,0
DA:161,0
DA:164,0
DA:166,0
DA:169,0
DA:173,0
DA:178,0
DA:179,0
DA:183,0
DA:184,0
DA:186,0
DA:187,0
DA:188,0
DA:189,0
DA:194,0
DA:196,0
DA:199,0
DA:201,0
DA:204,0
DA:208,0
DA:210,0
DA:211,0
DA:212,0
DA:214,0
DA:215,0
DA:216,0
DA:217,0
DA:222,0
DA:224,0
DA:227,0
DA:229,0
DA:232,0
DA:236,0
DA:238,0
DA:239,0
DA:240,0
DA:242,0
DA:243,0
DA:244,0
DA:245,0
DA:250,0
DA:252,0
DA:255,0
DA:257,0
DA:260,0
DA:264,0
DA:268,0
DA:269,0
DA:270,0
DA:272,0
DA:273,0
DA:274,0
DA:275,0
DA:276,0
DA:280,0
DA:282,0
DA:285,0
DA:287,0
DA:290,0
DA:294,0
DA:296,0
DA:297,0
DA:298,0
DA:300,0
DA:301,0
DA:302,0
DA:303,0
DA:308,0
DA:310,0
DA:313,0
DA:315,0
DA:318,0
DA:322,0
DA:326,0
DA:327,0
DA:328,0
DA:329,0
DA:330,0
DA:331,0
DA:332,0
DA:333,0
DA:334,0
DA:339,0
DA:341,0
DA:344,0
DA:346,0
DA:349,0
DA:353,0
DA:355,0
DA:356,0
DA:357,0
DA:359,0
DA:360,0
DA:361,0
DA:362,0
DA:363,0
DA:367,0
DA:369,0
DA:372,0
DA:374,0
DA:377,0
DA:381,0
DA:386,0
DA:387,0
DA:388,0
DA:389,0
DA:390,0
DA:391,0
DA:392,0
DA:393,0
DA:394,0
DA:395,0
DA:399,0
DA:401,0
DA:404,0
DA:406,0
DA:409,0
DA:413,0
DA:417,0
DA:418,0
DA:419,0
DA:420,0
DA:421,0
DA:422,0
DA:423,0
DA:424,0
DA:425,0
DA:430,0
DA:432,0
DA:435,0
DA:437,0
DA:440,0
DA:444,0
DA:446,0
DA:447,0
DA:448,0
DA:449,0
DA:451,0
DA:452,0
DA:453,0
DA:454,0
DA:459,0
DA:461,0
DA:464,0
DA:466,0
DA:469,0
DA:473,0
DA:478,0
DA:479,0
DA:480,0
DA:481,0
DA:482,0
DA:483,0
DA:484,0
DA:485,0
DA:486,0
DA:487,0
DA:492,0
DA:494,0
DA:497,0
DA:499,0
DA:502,0
DA:506,0
DA:511,0
DA:512,0
DA:513,0
DA:514,0
DA:515,0
DA:516,0
DA:517,0
DA:518,0
DA:524,0
DA:525,0
DA:530,0
DA:532,0
DA:535,0
DA:537,0
DA:540,0
DA:544,0
DA:546,0
DA:547,0
DA:548,0
DA:549,0
DA:551,0
DA:552,0
DA:553,0
DA:554,0
DA:559,0
DA:561,0
DA:564,0
DA:566,0
DA:569,0
DA:573,0
DA:575,0
DA:576,0
DA:577,0
DA:578,0
DA:580,0
DA:581,0
DA:582,0
DA:583,0
DA:588,0
DA:590,0
DA:593,0
DA:595,0
DA:598,0
DA:602,0
DA:604,0
DA:605,0
DA:606,0
DA:607,0
DA:609,0
DA:610,0
DA:611,0
DA:612,0
DA:617,0
DA:619,0
DA:622,0
DA:624,0
DA:627,0
DA:631,0
DA:632,0
DA:633,0
DA:634,0
DA:635,0
DA:636,0
DA:638,0
DA:644,0
DA:645,0
DA:649,0
DA:651,0
DA:652,0
DA:655,0
LF:304
LH:0
end_of_record
SF:lib\app\core\network\api_result.dart
DA:5,39
DA:10,36
LF:2
LH:2
end_of_record
SF:lib\features\auth\api\datasource\auth_remote_datasource_impl.dart
DA:23,1
DA:24,1
DA:26,1
DA:27,3
DA:31,1
DA:41,1
DA:42,4
DA:54,0
DA:58,0
DA:61,0
DA:65,0
DA:68,0
DA:72,0
DA:75,1
DA:77,4
DA:80,0
DA:84,0
LF:17
LH:9
end_of_record
SF:lib\features\auth\data\models\request\login_request_model.dart
DA:12,2
DA:14,0
DA:15,0
DA:18,0
DA:19,0
LF:5
LH:1
end_of_record
SF:lib\features\auth\data\models\request\login_request_model.g.dart
DA:9,0
DA:10,0
DA:11,0
DA:14,0
DA:15,0
LF:5
LH:0
end_of_record
SF:lib\features\auth\data\models\response\login_response_model.dart
DA:17,3
DA:19,0
DA:20,0
DA:23,0
DA:24,0
DA:27,2
DA:28,2
DA:29,2
DA:30,2
DA:32,4
DA:33,1
DA:40,1
LF:12
LH:8
end_of_record
SF:lib\features\auth\data\models\response\login_response_model.g.dart
DA:9,0
DA:10,0
DA:11,0
DA:12,0
DA:14,0
DA:15,0
DA:18,0
DA:19,0
DA:20,0
DA:21,0
DA:22,0
LF:11
LH:0
end_of_record
SF:lib\features\auth\data\models\response\logout_response_model.dart
DA:12,4
DA:14,0
DA:15,0
DA:18,0
DA:19,0
LF:5
LH:1
end_of_record
SF:lib\features\auth\data\models\response\logout_response_model.g.dart
DA:9,0
DA:10,0
DA:11,0
DA:12,0
DA:15,0
DA:16,0
LF:6
LH:0
end_of_record
SF:lib\features\auth\data\models\response\signup_dto.dart
DA:16,2
DA:18,0
DA:19,0
DA:20,0
DA:48,2
DA:62,0
DA:63,0
DA:64,0
LF:8
LH:2
end_of_record
SF:lib\features\auth\data\models\response\signup_dto.g.dart
DA:9,0
DA:10,0
DA:11,0
DA:13,0
DA:14,0
DA:15,0
DA:18,0
DA:19,0
DA:20,0
DA:21,0
DA:22,0
DA:25,0
DA:26,0
DA:27,0
DA:28,0
DA:29,0
DA:30,0
DA:31,0
DA:32,0
DA:33,0
DA:34,0
DA:35,0
DA:36,0
DA:39,0
DA:40,0
DA:41,0
DA:42,0
DA:43,0
DA:44,0
DA:45,0
DA:46,0
DA:47,0
DA:48,0
DA:49,0
DA:50,0
LF:35
LH:0
end_of_record
SF:lib\features\auth\data\models\request\change-password-request-models\change-password-request-model.dart
DA:10,0
DA:15,0
DA:16,0
DA:18,0
LF:4
LH:0
end_of_record
SF:lib\features\auth\data\models\request\change-password-request-models\change-password-request-model.g.dart
DA:9,0
DA:11,0
DA:12,0
DA:13,0
DA:16,0
DA:18,0
DA:19,0
DA:20,0
LF:8
LH:0
end_of_record
SF:lib\features\auth\data\models\request\forget_password_request_model\forget_password_request_model.dart
DA:7,0
DA:8,0
DA:9,0
DA:10,0
LF:4
LH:0
end_of_record
SF:lib\features\auth\data\models\request\forget_password_request_model\forget_password_request_model.g.dart
DA:9,0
DA:11,0
DA:13,0
DA:15,0
LF:4
LH:0
end_of_record
SF:lib\features\auth\data\models\request\reset_password_request_model\reset_password_request_model.dart
DA:10,0
DA:12,0
DA:13,0
DA:15,0
LF:4
LH:0
end_of_record
SF:lib\features\auth\data\models\request\reset_password_request_model\reset_password_request_model.g.dart
DA:9,0
DA:11,0
DA:12,0
DA:13,0
DA:16,0
DA:18,0
DA:19,0
DA:20,0
LF:8
LH:0
end_of_record
SF:lib\features\auth\data\models\request\verify_reset_code_request_model\verify_reset_code_request.dart
DA:9,0
DA:11,0
DA:12,0
DA:14,0
LF:4
LH:0
end_of_record
SF:lib\features\auth\data\models\request\verify_reset_code_request_model\verify_reset_code_request.g.dart
DA:9,0
DA:11,0
DA:13,0
DA:15,0
LF:4
LH:0
end_of_record
SF:lib\features\auth\data\models\response\change-password-response-models\change-password-response-model.dart
DA:12,0
DA:14,0
DA:15,0
DA:17,0
DA:19,0
DA:20,0
LF:6
LH:0
end_of_record
SF:lib\features\auth\data\models\response\change-password-response-models\change-password-response-model.g.dart
DA:9,0
DA:11,0
DA:12,0
DA:13,0
DA:16,0
DA:18,0
LF:6
LH:0
end_of_record
SF:lib\features\auth\data\models\response\forget_password_response_model\forget_password_response_model.dart
DA:8,0
DA:9,0
DA:10,0
DA:11,0
LF:4
LH:0
end_of_record
SF:lib\features\auth\data\models\response\forget_password_response_model\forget_password_response_model.g.dart
DA:9,0
DA:11,0
DA:12,0
DA:13,0
DA:16,0
DA:18,0
LF:6
LH:0
end_of_record
SF:lib\features\auth\data\models\response\reset_password_response_model\reset_password_response_model.dart
DA:13,0
DA:15,0
DA:16,0
DA:18,0
DA:20,0
DA:21,0
LF:6
LH:0
end_of_record
SF:lib\features\auth\data\models\response\reset_password_response_model\reset_password_response_model.g.dart
DA:9,0
DA:11,0
DA:12,0
DA:13,0
DA:14,0
DA:17,0
DA:19,0
DA:20,0
DA:21,0
DA:22,0
LF:10
LH:0
end_of_record
SF:lib\features\auth\data\models\response\verify_reset_code_response_model\verify_reset_code_response_model.dart
DA:8,0
DA:10,0
DA:11,0
DA:13,0
LF:4
LH:0
end_of_record
SF:lib\features\auth\data\models\response\verify_reset_code_response_model\verify_reset_code_response_model.g.dart
DA:9,0
DA:11,0
DA:13,0
DA:15,0
LF:4
LH:0
end_of_record
SF:lib\features\checkout\data\models\response\address_response.dart
DA:6,1
DA:8,2
DA:9,2
DA:20,3
DA:25,1
DA:26,1
DA:28,2
DA:30,2
DA:31,8
DA:58,1
DA:68,1
DA:69,1
DA:71,0
DA:73,1
DA:74,1
DA:75,1
DA:76,1
DA:77,1
DA:78,1
DA:79,1
DA:80,2
DA:81,2
LF:22
LH:21
end_of_record
SF:lib\features\checkout\data\models\response\address_response.g.dart
DA:9,1
DA:10,1
DA:11,1
DA:12,1
DA:13,3
DA:14,1
DA:17,1
DA:18,1
DA:19,1
DA:20,1
DA:23,2
DA:24,1
DA:25,1
DA:26,1
DA:27,1
DA:28,1
DA:29,1
DA:30,1
DA:33,0
DA:34,0
DA:35,0
DA:36,0
DA:37,0
DA:38,0
DA:39,0
DA:40,0
LF:26
LH:18
end_of_record
SF:lib\features\checkout\data\models\response\cash_order_response.dart
DA:16,3
DA:18,1
DA:19,1
DA:21,2
DA:23,2
DA:24,2
DA:25,4
DA:26,4
DA:27,10
DA:28,6
DA:29,4
DA:30,4
DA:31,4
DA:32,4
DA:33,4
DA:34,4
DA:35,4
DA:67,3
DA:82,2
DA:84,0
DA:98,2
DA:105,1
DA:106,1
DA:108,0
DA:110,1
DA:111,1
DA:112,1
DA:113,2
DA:114,2
DA:115,1
DA:161,2
DA:183,1
DA:184,1
DA:186,0
DA:188,1
DA:189,1
DA:190,1
DA:191,1
DA:192,1
DA:193,1
DA:194,2
DA:195,2
DA:196,1
DA:197,1
LF:44
LH:41
end_of_record
SF:lib\features\checkout\data\models\response\cash_order_response.g.dart
DA:9,1
DA:10,1
DA:11,1
DA:12,2
DA:15,1
DA:16,3
DA:18,2
DA:19,1
DA:20,1
DA:21,3
DA:22,1
DA:23,2
DA:24,1
DA:25,1
DA:26,1
DA:27,1
DA:28,1
DA:29,2
DA:30,2
DA:31,1
DA:32,2
DA:35,0
DA:36,0
DA:37,0
DA:38,0
DA:39,0
DA:40,0
DA:41,0
DA:42,0
DA:43,0
DA:44,0
DA:45,0
DA:46,0
DA:47,0
DA:50,2
DA:51,2
DA:52,2
DA:53,2
DA:54,1
DA:57,0
DA:58,0
DA:59,0
DA:60,0
DA:61,0
DA:64,2
DA:65,1
DA:66,1
DA:67,1
DA:68,1
DA:69,1
DA:70,4
DA:71,2
DA:72,2
DA:73,2
DA:74,1
DA:75,1
DA:76,2
DA:77,2
DA:78,2
DA:79,1
DA:80,2
DA:81,2
DA:82,2
DA:83,1
DA:86,0
DA:87,0
DA:88,0
DA:89,0
DA:90,0
DA:91,0
DA:92,0
DA:93,0
DA:94,0
DA:95,0
DA:96,0
DA:97,0
DA:98,0
DA:99,0
DA:100,0
DA:101,0
DA:102,0
DA:103,0
DA:104,0
DA:105,0
LF:84
LH:46
end_of_record
SF:lib\features\e_commerce\data\models\response\all_categories_dto.dart
DA:14,4
DA:16,1
DA:17,1
DA:18,0
DA:40,4
DA:51,1
DA:52,1
DA:53,2
DA:67,2
DA:69,1
DA:70,1
DA:71,2
LF:12
LH:11
end_of_record
SF:lib\features\e_commerce\data\models\response\all_categories_dto.g.dart
DA:9,1
DA:10,1
DA:11,1
DA:12,1
DA:14,2
DA:15,1
DA:16,1
DA:17,1
DA:19,1
DA:21,1
DA:24,0
DA:25,0
DA:26,0
DA:27,0
DA:28,0
DA:31,1
DA:32,1
DA:33,1
DA:34,1
DA:35,1
DA:36,1
DA:37,1
DA:38,1
DA:39,1
DA:40,2
DA:43,1
DA:44,1
DA:45,1
DA:46,1
DA:47,1
DA:48,1
DA:49,1
DA:50,1
DA:51,1
DA:52,1
DA:55,2
DA:56,2
DA:57,2
DA:58,2
DA:59,2
DA:62,1
DA:63,1
DA:64,1
DA:65,1
DA:66,1
DA:67,1
LF:46
LH:41
end_of_record
SF:lib\features\e_commerce\data\models\response\product_details_response.dart
DA:10,0
DA:12,0
DA:13,0
DA:15,0
LF:4
LH:0
end_of_record
SF:lib\features\e_commerce\data\models\response\product_details_response.g.dart
DA:9,0
DA:11,0
DA:12,0
DA:13,0
DA:14,0
DA:18,0
DA:20,0
DA:21,0
DA:22,0
LF:9
LH:0
end_of_record
SF:lib\features\e_commerce\data\models\response\products_response.dart
DA:10,2
DA:12,0
DA:13,0
DA:14,0
DA:15,0
DA:16,0
DA:18,0
DA:19,0
DA:20,0
DA:24,0
DA:25,0
DA:26,0
DA:27,0
DA:28,0
LF:14
LH:1
end_of_record
SF:lib\features\edit_profile\data\models\request\editprofile_request\edit_profile_request.dart
DA:19,3
DA:21,1
DA:22,1
DA:24,2
LF:4
LH:4
end_of_record
SF:lib\features\edit_profile\data\models\request\editprofile_request\edit_profile_request.g.dart
DA:9,1
DA:10,1
DA:11,1
DA:12,1
DA:13,1
DA:14,1
DA:17,1
DA:18,1
DA:19,1
DA:20,1
DA:21,1
DA:22,1
LF:12
LH:12
end_of_record
SF:lib\features\home\data\models\response\home_response.dart
DA:23,3
DA:31,0
DA:32,0
DA:35,0
DA:36,0
DA:39,2
DA:40,2
DA:41,2
DA:42,9
DA:43,9
DA:44,9
DA:45,9
LF:12
LH:8
end_of_record
SF:lib\features\home\data\models\response\home_response.g.dart
DA:9,0
DA:10,0
DA:11,0
DA:12,0
DA:13,0
DA:14,0
DA:15,0
DA:16,0
DA:17,0
DA:18,0
DA:19,0
DA:20,0
DA:21,0
DA:22,0
DA:25,0
DA:26,0
DA:27,0
DA:28,0
DA:29,0
DA:30,0
DA:31,0
LF:21
LH:0
end_of_record
SF:lib\features\main_profile\data\models\response\profile_response.dart
DA:14,3
DA:16,0
DA:17,0
DA:19,0
DA:21,2
DA:22,2
DA:23,4
DA:24,4
DA:25,4
DA:26,4
DA:27,4
DA:28,4
DA:29,4
DA:30,4
DA:31,4
DA:32,4
DA:33,4
DA:34,4
LF:18
LH:15
end_of_record
SF:lib\features\main_profile\data\models\response\profile_response.g.dart
DA:9,0
DA:10,0
DA:11,0
DA:12,0
DA:14,0
DA:17,0
DA:18,0
DA:19,0
DA:20,0
LF:9
LH:0
end_of_record
SF:lib\features\orders\data\models\user_carts_dto.dart
DA:16,4
DA:18,1
DA:19,1
DA:20,0
DA:42,4
DA:53,1
DA:54,1
DA:55,2
DA:69,4
DA:71,1
DA:72,1
DA:73,2
DA:117,4
DA:139,1
DA:140,1
DA:141,2
LF:16
LH:15
end_of_record
SF:lib\features\orders\data\models\user_carts_dto.g.dart
DA:9,2
DA:10,1
DA:11,1
DA:12,2
DA:13,1
DA:15,2
DA:18,0
DA:19,0
DA:20,0
DA:21,0
DA:22,0
DA:23,0
DA:26,2
DA:27,1
DA:28,1
DA:29,1
DA:30,1
DA:31,1
DA:32,1
DA:34,1
DA:35,1
DA:36,2
DA:37,1
DA:38,1
DA:39,1
DA:42,2
DA:43,1
DA:44,1
DA:45,1
DA:46,1
DA:47,1
DA:48,1
DA:49,1
DA:50,1
DA:53,2
DA:54,1
DA:56,2
DA:57,2
DA:58,2
DA:59,1
DA:62,1
DA:63,1
DA:64,1
DA:65,1
DA:66,1
DA:67,1
DA:70,1
DA:71,1
DA:72,1
DA:73,1
DA:74,1
DA:75,1
DA:76,1
DA:77,1
DA:78,0
DA:79,0
DA:80,2
DA:81,1
DA:82,2
DA:83,1
DA:84,1
DA:85,1
DA:86,1
DA:87,1
DA:88,1
DA:89,1
DA:90,1
DA:91,1
DA:92,1
DA:95,1
DA:96,1
DA:97,1
DA:98,1
DA:99,1
DA:100,1
DA:101,1
DA:102,1
DA:103,1
DA:104,1
DA:105,1
DA:106,1
DA:107,1
DA:108,1
DA:109,1
DA:110,1
DA:111,1
DA:112,1
DA:113,1
DA:114,1
DA:115,1
LF:90
LH:82
end_of_record
SF:lib\app\core\network\safe_api_call.dart
DA:7,6
DA:11,12
DA:13,6
DA:14,18
DA:15,18
DA:16,12
DA:18,0
DA:19,0
DA:22,6
DA:23,1
DA:25,1
DA:26,0
DA:27,1
DA:28,0
DA:32,1
DA:34,12
LF:16
LH:12
end_of_record
SF:lib\features\auth\domain\models\change_password_entity.dart
DA:5,0
LF:1
LH:0
end_of_record
SF:lib\features\auth\data\models\response\user_model.dart
DA:31,3
DA:45,1
DA:46,1
DA:49,1
DA:50,1
DA:53,3
DA:54,3
DA:55,3
DA:56,3
DA:57,3
DA:58,3
DA:59,3
DA:60,3
DA:61,3
LF:14
LH:14
end_of_record
SF:lib\features\auth\data\models\response\user_model.g.dart
DA:9,2
DA:10,1
DA:11,1
DA:12,1
DA:13,1
DA:14,1
DA:15,1
DA:16,1
DA:17,1
DA:18,1
DA:19,1
DA:20,1
DA:23,2
DA:24,1
DA:25,1
DA:26,1
DA:27,1
DA:28,1
DA:29,1
DA:30,1
DA:31,1
DA:32,1
DA:33,1
DA:34,1
LF:24
LH:24
end_of_record
SF:lib\features\auth\domain\models\login_model.dart
DA:8,4
LF:1
LH:1
end_of_record
SF:lib\features\auth\domain\models\reset_password_entity.dart
DA:6,0
LF:1
LH:0
end_of_record
SF:lib\features\checkout\domain\models\address_model.dart
DA:11,2
LF:1
LH:1
end_of_record
SF:lib\features\checkout\domain\models\cash_order_model.dart
DA:16,3
DA:30,0
DA:31,0
DA:32,0
DA:33,0
DA:34,0
DA:35,0
DA:36,0
DA:37,0
DA:38,0
DA:39,0
DA:40,0
DA:41,0
DA:42,0
DA:52,1
DA:59,0
DA:60,0
DA:73,1
DA:84,0
DA:85,0
DA:86,0
DA:87,0
DA:88,0
DA:89,0
DA:90,0
DA:91,0
DA:92,0
DA:93,0
LF:28
LH:3
end_of_record
SF:lib\features\e_commerce\data\models\response\meta_data.dart
DA:7,2
DA:9,0
DA:10,0
DA:11,0
DA:12,0
DA:13,0
DA:14,0
DA:18,0
DA:19,0
DA:20,0
DA:21,0
DA:22,0
DA:23,0
LF:13
LH:1
end_of_record
SF:lib\features\e_commerce\data\models\response\product_details_model.dart
DA:7,0
DA:20,0
DA:21,0
DA:22,0
DA:23,0
DA:24,0
DA:25,0
DA:26,0
DA:27,0
DA:28,0
DA:29,0
DA:30,0
DA:31,0
DA:35,0
DA:36,0
DA:37,0
DA:38,0
DA:39,0
DA:40,0
DA:41,0
DA:42,0
DA:43,0
DA:44,0
DA:45,0
DA:48,0
LF:25
LH:0
end_of_record
SF:lib\features\e_commerce\data\models\response\product_details_model.g.dart
DA:9,0
DA:10,0
DA:11,0
DA:12,0
DA:13,0
DA:14,0
DA:15,0
DA:16,0
DA:17,0
DA:18,0
DA:19,0
DA:20,0
DA:21,0
DA:22,0
DA:25,0
DA:27,0
DA:28,0
DA:29,0
DA:30,0
DA:31,0
DA:32,0
DA:33,0
DA:34,0
DA:35,0
DA:36,0
DA:37,0
LF:26
LH:0
end_of_record
SF:lib\features\e_commerce\domain\models\product_details_entity.dart
DA:13,0
LF:1
LH:0
end_of_record
SF:lib\features\e_commerce\data\models\response\remote_product.dart
DA:23,2
DA:46,0
DA:47,0
DA:48,0
DA:49,0
DA:50,0
DA:51,0
DA:52,0
DA:53,0
DA:54,0
DA:55,0
DA:56,0
DA:57,0
DA:58,0
DA:59,0
DA:60,0
DA:61,0
DA:62,0
DA:63,0
DA:64,0
DA:65,0
DA:66,0
DA:67,0
DA:68,0
DA:69,0
DA:73,0
DA:74,0
DA:75,0
DA:76,0
DA:77,0
DA:78,0
DA:79,0
DA:80,0
DA:81,0
DA:82,0
DA:83,0
DA:84,0
DA:85,0
DA:86,0
DA:87,0
DA:88,0
DA:89,0
DA:90,0
DA:91,0
DA:92,0
DA:93,0
DA:94,0
LF:47
LH:1
end_of_record
SF:lib\features\home\data\models\best_seller_model.dart
DA:47,3
DA:69,0
DA:70,0
DA:73,0
DA:74,0
DA:77,2
DA:78,2
DA:79,3
DA:80,2
DA:81,2
DA:82,2
DA:83,2
DA:84,4
DA:85,2
DA:86,2
DA:87,2
DA:88,2
DA:89,2
DA:90,2
DA:91,2
DA:92,2
DA:93,2
DA:94,2
DA:95,2
DA:96,2
LF:25
LH:21
end_of_record
SF:lib\features\home\data\models\best_seller_model.g.dart
DA:9,0
DA:10,0
DA:11,0
DA:12,0
DA:13,0
DA:14,0
DA:15,0
DA:16,0
DA:17,0
DA:18,0
DA:19,0
DA:20,0
DA:21,0
DA:22,0
DA:23,0
DA:24,0
DA:25,0
DA:26,0
DA:27,0
DA:28,0
DA:31,0
DA:32,0
DA:33,0
DA:34,0
DA:35,0
DA:36,0
DA:37,0
DA:38,0
DA:39,0
DA:40,0
DA:41,0
DA:42,0
DA:43,0
DA:44,0
DA:45,0
DA:46,0
DA:47,0
DA:48,0
DA:49,0
DA:50,0
DA:51,0
LF:41
LH:0
end_of_record
SF:lib\features\home\domain\models\best_seller_model.dart
DA:24,6
DA:45,0
DA:46,0
DA:47,0
DA:48,0
DA:49,0
DA:50,0
DA:51,0
DA:52,0
DA:53,0
DA:54,0
DA:55,0
DA:56,0
DA:57,0
DA:58,0
DA:59,0
DA:60,0
DA:61,0
DA:62,0
DA:63,0
DA:64,0
DA:67,0
DA:68,0
DA:69,0
DA:70,0
DA:71,0
DA:72,0
DA:73,0
DA:74,0
DA:75,0
DA:76,0
DA:77,0
DA:78,0
DA:79,0
DA:80,0
LF:35
LH:1
end_of_record
SF:lib\features\home\data\models\category_model.dart
DA:23,3
DA:33,0
DA:34,0
DA:37,0
DA:38,0
DA:41,2
DA:42,2
DA:43,2
DA:44,2
DA:45,2
DA:46,2
DA:47,2
DA:48,2
DA:49,2
LF:14
LH:10
end_of_record
SF:lib\features\home\data\models\category_model.g.dart
DA:9,0
DA:10,0
DA:11,0
DA:12,0
DA:13,0
DA:14,0
DA:15,0
DA:16,0
DA:19,0
DA:20,0
DA:21,0
DA:22,0
DA:23,0
DA:24,0
DA:25,0
DA:26,0
LF:16
LH:0
end_of_record
SF:lib\features\home\domain\models\category_model.dart
DA:12,4
DA:22,0
DA:23,0
DA:24,0
DA:25,0
DA:26,0
DA:27,0
DA:28,0
DA:29,0
DA:30,0
LF:10
LH:1
end_of_record
SF:lib\features\home\data\models\occasion_model.dart
DA:23,3
DA:33,0
DA:34,0
DA:37,0
DA:38,0
DA:41,2
DA:42,2
DA:43,2
DA:44,2
DA:45,2
DA:46,2
DA:47,4
DA:48,4
DA:49,2
LF:14
LH:10
end_of_record
SF:lib\features\home\data\models\occasion_model.g.dart
DA:9,0
DA:10,0
DA:11,0
DA:12,0
DA:13,0
DA:14,0
DA:15,0
DA:16,0
DA:19,0
DA:20,0
DA:21,0
DA:22,0
DA:23,0
DA:24,0
DA:25,0
DA:26,0
LF:16
LH:0
end_of_record
SF:lib\features\home\domain\models\occasion_model.dart
DA:13,4
DA:24,0
DA:25,0
DA:26,0
DA:27,0
DA:28,0
DA:29,0
DA:30,0
DA:31,0
DA:32,0
DA:33,0
LF:11
LH:1
end_of_record
SF:lib\features\home\data\models\product_model.dart
DA:47,3
DA:69,0
DA:70,0
DA:73,0
DA:74,0
DA:77,2
DA:78,2
DA:79,3
DA:80,2
DA:81,2
DA:82,2
DA:83,2
DA:84,4
DA:85,2
DA:86,2
DA:87,2
DA:88,2
DA:89,2
DA:90,4
DA:91,4
DA:92,2
DA:93,2
DA:94,2
DA:95,2
DA:96,2
LF:25
LH:21
end_of_record
SF:lib\features\home\data\models\product_model.g.dart
DA:9,0
DA:10,0
DA:11,0
DA:12,0
DA:13,0
DA:14,0
DA:15,0
DA:16,0
DA:17,0
DA:18,0
DA:19,0
DA:20,0
DA:21,0
DA:22,0
DA:23,0
DA:24,0
DA:25,0
DA:26,0
DA:27,0
DA:28,0
DA:31,0
DA:32,0
DA:33,0
DA:34,0
DA:35,0
DA:36,0
DA:37,0
DA:38,0
DA:39,0
DA:40,0
DA:41,0
DA:42,0
DA:43,0
DA:44,0
DA:45,0
DA:46,0
DA:47,0
DA:48,0
DA:49,0
DA:50,0
LF:40
LH:0
end_of_record
SF:lib\features\home\domain\models\product_model.dart
DA:23,6
DA:44,1
DA:45,1
DA:46,1
DA:47,1
DA:48,1
DA:49,1
DA:50,1
DA:51,1
DA:52,1
DA:53,1
DA:54,1
DA:55,1
DA:56,1
DA:57,1
DA:58,1
DA:59,1
DA:60,1
DA:61,1
DA:62,1
DA:63,1
LF:21
LH:21
end_of_record
SF:lib\features\home\domain\models\home_model.dart
DA:14,6
DA:22,0
DA:23,0
DA:24,0
DA:25,0
DA:26,0
DA:27,0
DA:28,0
LF:8
LH:1
end_of_record
SF:lib\features\main_profile\domain\models\profile_user_model.dart
DA:31,6
DA:46,1
DA:47,1
DA:49,0
LF:4
LH:3
end_of_record
SF:lib\features\main_profile\domain\models\profile_user_model.g.dart
DA:9,1
DA:10,1
DA:11,1
DA:12,1
DA:13,1
DA:14,1
DA:15,1
DA:16,1
DA:17,1
DA:18,1
DA:19,1
DA:20,1
DA:21,1
DA:23,0
DA:24,1
DA:26,0
DA:29,0
DA:30,0
DA:31,0
DA:32,0
DA:33,0
DA:34,0
DA:35,0
DA:36,0
DA:37,0
DA:38,0
DA:39,0
DA:40,0
DA:41,0
DA:42,0
LF:30
LH:14
end_of_record
SF:lib\features\auth\data\repos\auth_repo_imp.dart
DA:29,1
DA:31,1
DA:33,1
DA:34,2
DA:35,1
DA:36,3
DA:38,1
DA:39,2
DA:41,1
DA:44,1
DA:54,2
DA:64,1
DA:65,1
DA:66,1
DA:67,1
DA:68,1
DA:69,1
DA:70,2
DA:75,0
DA:77,0
DA:78,0
DA:81,0
DA:82,0
DA:83,0
DA:84,0
DA:85,0
DA:90,0
DA:91,0
DA:95,0
DA:98,0
DA:100,0
DA:101,0
DA:104,0
DA:105,0
DA:106,0
DA:109,0
DA:110,0
DA:113,0
DA:116,0
DA:120,0
DA:122,0
DA:123,0
DA:124,0
DA:127,0
DA:128,0
DA:131,0
DA:134,1
DA:136,2
DA:137,1
DA:138,2
DA:140,1
DA:141,2
DA:143,0
DA:146,0
DA:150,0
DA:152,0
DA:153,0
DA:156,0
DA:157,0
DA:160,0
LF:60
LH:24
end_of_record
SF:lib\features\auth\domain\models\signup_model.dart
DA:7,3
DA:18,3
LF:2
LH:2
end_of_record
SF:lib\features\auth\data\mappers\signup_dto_mapper.dart
DA:5,1
DA:6,1
DA:7,1
DA:8,1
DA:9,2
DA:15,1
DA:16,1
DA:17,1
DA:18,1
DA:19,1
DA:20,1
DA:21,1
DA:22,1
LF:13
LH:13
end_of_record
SF:lib\features\auth\domain\models\forget_password_entity.dart
DA:4,0
LF:1
LH:0
end_of_record
SF:lib\features\auth\domain\models\verify_reset_code_entity.dart
DA:4,0
LF:1
LH:0
end_of_record
SF:lib\features\auth\domain\usecase\signup_usecase.dart
DA:9,1
DA:11,1
DA:19,2
LF:3
LH:3
end_of_record
SF:lib\features\auth\domain\usecase\login_usecase.dart
DA:9,1
DA:11,1
DA:12,2
LF:3
LH:3
end_of_record
SF:lib\features\auth\domain\usecase\logout_usecase.dart
DA:9,1
DA:10,1
DA:11,2
LF:3
LH:3
end_of_record
SF:lib\features\auth\presentation\login\manager\login_cubit.dart
DA:16,3
DA:18,1
DA:19,1
DA:20,1
DA:22,1
DA:23,1
DA:24,1
DA:25,1
DA:29,1
DA:30,4
DA:35,1
DA:40,4
DA:41,2
DA:44,1
DA:46,2
DA:48,4
DA:49,2
DA:50,5
DA:53,1
DA:55,5
DA:60,1
DA:61,3
LF:22
LH:22
end_of_record
SF:lib\features\auth\presentation\login\manager\login_intent.dart
DA:8,1
DA:17,1
LF:2
LH:2
end_of_record
SF:lib\features\auth\presentation\login\manager\login_states.dart
DA:8,1
DA:9,1
DA:11,1
DA:16,1
DA:17,1
DA:18,1
LF:6
LH:6
end_of_record
SF:lib\features\auth\presentation\logout\manager\logout_cubit.dart
DA:17,3
DA:19,1
DA:20,1
DA:21,1
DA:22,1
DA:27,1
DA:28,4
DA:29,2
DA:30,1
DA:31,4
DA:34,3
DA:36,1
DA:37,2
DA:38,5
DA:40,1
DA:41,5
LF:16
LH:16
end_of_record
SF:lib\features\auth\presentation\logout\manager\logout_state.dart
DA:7,1
DA:8,1
DA:10,1
DA:11,1
LF:4
LH:4
end_of_record
SF:lib\features\best_seller\menager\best_sell_cubit.dart
DA:15,3
DA:17,1
DA:18,1
DA:19,1
DA:23,1
DA:25,4
DA:27,2
DA:30,1
DA:31,1
DA:32,1
DA:33,4
DA:35,4
DA:38,1
DA:39,6
LF:14
LH:14
end_of_record
SF:lib\features\best_seller\menager\best_sell_state.dart
DA:9,3
DA:11,3
DA:12,6
DA:14,3
DA:18,3
DA:19,2
DA:20,3
LF:7
LH:7
end_of_record
SF:lib\features\home\domain\usecase\get_best_seller_usecase.dart
DA:10,1
DA:12,1
DA:13,2
DA:14,3
LF:4
LH:4
end_of_record
SF:lib\app\core\network\api_result_picker.dart
DA:4,4
DA:5,4
DA:7,12
DA:8,4
DA:10,8
DA:12,0
LF:6
LH:5
end_of_record
SF:lib\features\auth\presentation\signup\manager\signup_cubit.dart
DA:16,3
DA:30,0
DA:31,0
DA:33,0
DA:34,0
DA:37,1
DA:39,1
DA:40,1
DA:41,1
DA:42,3
DA:43,1
DA:44,3
DA:45,1
DA:46,3
DA:47,1
DA:48,3
DA:49,1
DA:50,3
DA:51,1
DA:52,3
DA:53,1
DA:54,3
DA:58,1
DA:59,2
DA:60,2
DA:62,0
DA:63,0
DA:64,0
DA:69,1
DA:70,3
DA:73,2
DA:74,1
DA:75,1
DA:76,1
DA:77,1
DA:78,1
DA:79,1
DA:80,1
DA:84,1
DA:85,1
DA:86,2
DA:87,1
DA:89,1
DA:94,3
DA:96,1
DA:97,1
DA:98,2
DA:99,1
DA:101,2
DA:105,2
DA:106,3
DA:111,1
DA:112,1
DA:113,1
DA:114,3
DA:118,1
DA:119,1
DA:120,1
DA:121,3
DA:125,1
DA:126,1
DA:127,4
DA:130,1
DA:131,1
DA:132,1
DA:133,3
DA:137,1
DA:138,1
DA:139,1
DA:140,2
DA:141,1
DA:146,1
DA:147,1
DA:148,4
DA:151,1
DA:152,1
DA:153,1
DA:154,2
DA:155,1
DA:160,1
DA:162,2
DA:163,1
LF:82
LH:75
end_of_record
SF:lib\features\auth\presentation\signup\manager\signup_intent.dart
DA:7,1
DA:12,1
DA:17,1
DA:22,1
DA:27,1
DA:32,1
DA:37,1
DA:48,1
LF:8
LH:8
end_of_record
SF:lib\features\auth\presentation\signup\manager\signup_states.dart
DA:6,1
DA:7,1
DA:8,1
DA:22,1
LF:4
LH:4
end_of_record
SF:lib\app\config\validation\app_validation.dart
DA:5,0
DA:7,0
DA:8,0
DA:9,0
DA:10,0
DA:11,0
DA:12,0
DA:18,0
DA:19,0
DA:20,0
DA:21,0
DA:22,0
DA:23,0
DA:29,0
DA:30,0
DA:31,0
DA:32,0
DA:33,0
DA:34,0
DA:40,0
DA:41,0
DA:42,0
DA:43,0
DA:44,0
DA:45,0
DA:46,0
DA:47,0
DA:48,0
DA:49,0
DA:50,0
DA:51,0
DA:52,0
DA:57,0
DA:58,0
DA:59,0
DA:60,0
DA:61,0
DA:66,0
DA:67,0
DA:70,0
DA:71,0
DA:72,0
DA:73,0
DA:79,1
DA:80,1
DA:81,0
LF:46
LH:2
end_of_record
SF:lib\features\checkout\api\checkout_data_source_imp.dart
DA:12,1
DA:13,1
DA:15,4
DA:17,1
DA:19,4
LF:5
LH:5
end_of_record
SF:lib\features\checkout\data\repos\checkout_repo_imp.dart
DA:14,1
DA:16,1
DA:18,2
DA:20,1
DA:21,1
DA:22,2
DA:24,1
DA:25,2
DA:27,0
DA:31,1
DA:33,2
DA:35,1
DA:36,1
DA:37,2
DA:39,1
DA:40,2
DA:42,0
LF:17
LH:15
end_of_record
SF:lib\features\checkout\domain\usecases\get_addresss_usecase.dart
DA:11,1
DA:13,0
DA:14,0
LF:3
LH:1
end_of_record
SF:lib\features\main_profile\domain\usecase\get_current_user_usecase.dart
DA:11,1
DA:13,1
DA:14,2
LF:3
LH:3
end_of_record
SF:lib\features\checkout\domain\usecases\post_cashe_order_usecase.dart
DA:11,1
DA:13,0
DA:14,0
LF:3
LH:1
end_of_record
SF:lib\features\checkout\presentation\cubit\checkout_cubit.dart
DA:20,1
DA:24,2
DA:26,1
DA:28,1
DA:29,1
DA:30,1
DA:33,1
DA:34,0
DA:37,1
DA:38,0
DA:41,1
DA:42,1
DA:45,0
DA:46,0
DA:49,0
DA:50,0
DA:53,0
DA:54,0
DA:57,0
DA:58,0
DA:61,0
DA:62,0
DA:64,0
DA:65,0
DA:66,0
DA:67,0
DA:75,1
DA:76,4
DA:78,2
DA:80,4
DA:84,0
DA:87,0
DA:88,0
DA:91,0
DA:92,0
DA:93,0
DA:99,0
DA:100,0
DA:102,0
DA:104,0
DA:108,0
DA:111,0
DA:112,0
DA:113,0
DA:115,0
DA:120,0
DA:121,0
DA:122,0
DA:124,0
DA:125,0
DA:132,0
DA:136,1
DA:137,2
DA:138,3
DA:142,0
DA:143,0
DA:145,0
LF:57
LH:17
end_of_record
SF:lib\features\checkout\presentation\cubit\checkout_intents.dart
DA:16,0
DA:23,0
DA:28,0
DA:33,0
DA:38,0
LF:5
LH:0
end_of_record
SF:lib\features\checkout\presentation\cubit\checkout_state.dart
DA:19,1
DA:31,1
DA:32,1
DA:34,0
DA:36,1
DA:49,1
DA:50,1
DA:51,1
DA:52,1
DA:53,1
DA:54,1
DA:55,1
DA:56,1
DA:57,1
DA:58,1
DA:59,1
DA:60,1
LF:17
LH:16
end_of_record
SF:lib\features\edit_profile\data\repos\edit_profile_repo_impl.dart
DA:15,2
DA:17,2
DA:25,2
DA:33,4
DA:38,2
DA:40,4
DA:44,2
DA:50,2
DA:51,2
DA:53,2
DA:56,4
DA:61,2
DA:63,4
LF:13
LH:13
end_of_record
SF:lib\features\edit_profile\domain\usecases\edit_profile_usecase.dart
DA:10,1
DA:12,1
DA:19,2
LF:3
LH:3
end_of_record
SF:lib\features\edit_profile\domain\usecases\upload_photo_usecase.dart
DA:11,1
DA:13,1
DA:17,2
LF:3
LH:3
end_of_record
SF:lib\features\edit_profile\presentation\manager\editProfileCubit\edit_profile_cubit.dart
DA:17,1
DA:18,2
DA:20,1
DA:21,1
DA:22,1
DA:24,1
DA:29,1
DA:30,4
DA:32,2
DA:33,1
DA:34,1
DA:35,1
DA:36,1
DA:37,1
DA:40,1
DA:42,1
DA:43,2
DA:45,2
DA:46,1
DA:49,1
DA:50,4
DA:54,1
DA:55,5
LF:23
LH:23
end_of_record
SF:lib\features\edit_profile\presentation\manager\editProfileCubit\edit_profile_state.dart
DA:7,1
DA:8,1
DA:10,1
DA:13,1
DA:14,0
LF:5
LH:4
end_of_record
SF:lib\features\edit_profile\presentation\manager\editProfileCubit\edit_profile_intent.dart
DA:10,1
LF:1
LH:1
end_of_record
SF:lib\features\e_commerce\data\datasource\ecommerce_remote_datasource_impl.dart
DA:14,1
DA:16,1
DA:21,1
DA:22,3
DA:26,1
DA:28,4
DA:31,0
DA:35,0
LF:8
LH:6
end_of_record
SF:lib\features\e_commerce\data\mappers\all_categories_mapper.dart
DA:5,2
DA:6,2
DA:7,2
DA:8,10
DA:9,3
DA:15,2
DA:16,2
DA:17,2
DA:18,2
DA:19,2
DA:20,2
DA:21,2
DA:22,2
DA:23,2
DA:24,2
DA:30,1
DA:31,1
DA:32,1
DA:33,1
DA:34,1
DA:35,1
LF:21
LH:21
end_of_record
SF:lib\features\e_commerce\domain\models\all_categories_model.dart
DA:6,5
DA:19,5
DA:37,2
LF:3
LH:3
end_of_record
SF:lib\features\e_commerce\data\repos\ecommerce_repo_imp.dart
DA:18,1
DA:20,1
DA:25,2
DA:30,1
DA:31,1
DA:32,4
DA:33,1
DA:34,1
DA:36,1
DA:37,2
DA:41,1
DA:43,2
DA:45,1
DA:46,1
DA:47,1
DA:48,1
DA:49,1
DA:50,2
DA:54,0
DA:58,0
DA:60,0
DA:61,0
DA:63,0
DA:64,0
DA:65,0
DA:66,0
DA:67,0
DA:68,0
DA:69,0
DA:70,0
DA:71,0
DA:72,0
DA:73,0
DA:74,0
DA:79,0
DA:80,0
DA:83,0
LF:37
LH:18
end_of_record
SF:lib\features\e_commerce\data\mappers\products_mapper.dart
DA:5,1
DA:6,1
DA:7,1
DA:8,1
DA:9,2
DA:10,1
DA:11,1
LF:7
LH:7
end_of_record
SF:lib\features\e_commerce\domain\usecase\all_categories_usecase.dart
DA:9,1
DA:11,1
DA:12,2
LF:3
LH:3
end_of_record
SF:lib\features\e_commerce\presentation\categories\manager\all_categories_cubit.dart
DA:16,1
DA:17,2
DA:21,1
DA:23,1
DA:24,1
DA:25,1
DA:26,2
DA:30,1
DA:31,4
DA:32,2
DA:34,1
DA:35,2
DA:36,1
DA:37,3
DA:39,5
DA:40,1
DA:42,1
DA:43,5
DA:47,1
DA:48,2
DA:49,1
DA:50,2
DA:51,2
DA:52,1
DA:54,2
DA:56,5
DA:59,1
DA:60,4
DA:61,2
DA:65,1
DA:66,2
DA:67,4
DA:68,1
DA:69,5
LF:34
LH:34
end_of_record
SF:lib\features\e_commerce\presentation\categories\manager\all_categories_intent.dart
DA:7,1
LF:1
LH:1
end_of_record
SF:lib\features\e_commerce\presentation\categories\manager\all_categories_states.dart
DA:9,1
DA:10,1
DA:14,1
DA:15,1
DA:16,1
LF:5
LH:5
end_of_record
SF:lib\features\e_commerce\domain\usecase\get_product_usecase.dart
DA:9,0
DA:11,0
DA:15,0
LF:3
LH:0
end_of_record
SF:lib\features\e_commerce\presentation\occasion\manager\occasion_cubit.dart
DA:16,3
DA:18,1
DA:20,1
DA:21,2
DA:22,1
DA:23,2
DA:27,1
DA:28,1
DA:31,1
DA:32,1
DA:33,2
DA:34,0
DA:35,1
DA:39,1
DA:40,1
DA:42,1
DA:43,5
DA:44,1
DA:45,5
DA:48,1
DA:49,2
DA:50,1
DA:56,1
DA:57,3
DA:59,4
DA:61,2
DA:64,2
DA:65,4
DA:67,2
DA:68,4
LF:30
LH:29
end_of_record
SF:lib\features\e_commerce\presentation\occasion\manager\occasion_event.dart
DA:6,1
DA:12,1
LF:2
LH:2
end_of_record
SF:lib\features\e_commerce\presentation\occasion\manager\occasion_state.dart
DA:8,1
DA:10,1
DA:11,2
DA:13,1
DA:17,1
DA:18,1
DA:19,1
LF:7
LH:7
end_of_record
SF:lib\features\home\api\home_remote_data_source_imp.dart
DA:11,1
DA:12,1
DA:14,4
LF:3
LH:3
end_of_record
SF:lib\features\home\data\repos\home_repo_imp.dart
DA:11,1
DA:12,1
DA:14,2
DA:15,1
DA:16,3
DA:18,1
DA:19,2
DA:21,1
LF:8
LH:8
end_of_record
SF:lib\features\home\domain\usecase\get_categories_usecase.dart
DA:10,1
DA:12,1
DA:13,2
DA:14,3
LF:4
LH:4
end_of_record
SF:lib\features\home\domain\usecase\get_occasions_usecase.dart
DA:10,1
DA:12,1
DA:13,2
DA:14,3
LF:4
LH:4
end_of_record
SF:lib\features\home\domain\usecase\get_products_usecase.dart
DA:10,1
DA:12,1
DA:13,2
DA:14,3
LF:4
LH:4
end_of_record
SF:lib\features\home\presentation\manager\factory\home_factory_imp.dart
DA:15,1
DA:22,1
DA:23,1
DA:25,1
DA:26,1
DA:28,1
DA:29,1
DA:31,1
DA:32,1
LF:9
LH:9
end_of_record
SF:lib\features\home\presentation\manager\home_cubit.dart
DA:17,3
DA:19,1
DA:20,1
DA:21,1
DA:22,1
DA:27,1
DA:28,1
DA:29,2
DA:30,1
DA:31,1
DA:32,1
DA:35,2
DA:36,1
DA:37,1
DA:38,1
DA:39,1
DA:43,1
DA:44,3
DA:45,1
DA:47,1
DA:48,5
DA:50,0
DA:51,0
DA:56,1
DA:57,3
DA:58,1
DA:60,1
DA:61,5
DA:63,0
DA:64,0
DA:69,1
DA:70,3
DA:71,1
DA:73,1
DA:74,5
DA:76,0
DA:77,0
DA:82,1
DA:83,3
DA:84,1
DA:86,1
DA:87,5
DA:89,0
DA:90,0
LF:44
LH:36
end_of_record
SF:lib\features\home\presentation\manager\home_states.dart
DA:13,1
DA:18,1
DA:19,1
DA:20,1
DA:21,1
DA:23,1
DA:29,1
DA:30,1
DA:31,1
DA:32,1
DA:33,1
LF:11
LH:11
end_of_record
SF:lib\features\main_profile\api\profile_remote_data_source_impl.dart
DA:12,1
DA:14,1
DA:16,4
LF:3
LH:3
end_of_record
SF:lib\features\main_profile\data\repos\profile_repo_impl.dart
DA:12,1
DA:14,1
DA:16,2
DA:18,1
DA:19,2
DA:21,1
DA:22,1
DA:23,2
DA:25,0
LF:9
LH:8
end_of_record
SF:lib\features\main_profile\presentation\cubit\profile_cubit.dart
DA:17,1
DA:18,2
DA:20,1
DA:21,1
DA:22,1
DA:26,1
DA:27,4
DA:29,2
DA:31,4
DA:35,3
DA:38,1
DA:39,5
DA:41,0
DA:42,0
LF:14
LH:12
end_of_record
SF:lib\features\main_profile\presentation\cubit\profile_state.dart
DA:7,1
DA:9,1
DA:10,2
DA:13,1
DA:14,1
LF:5
LH:5
end_of_record
SF:lib\features\nav_bar\presentation\manager\nav_cubit.dart
DA:7,2
DA:9,1
DA:10,2
LF:3
LH:3
end_of_record
SF:lib\features\nav_bar\presentation\manager\nav_state.dart
DA:7,1
DA:9,0
DA:10,0
DA:14,1
DA:15,1
LF:5
LH:3
end_of_record
SF:lib\features\orders\api\datasource\orders_remote_datasource_impl.dart
DA:11,1
DA:12,1
DA:14,4
DA:17,1
DA:22,1
DA:23,4
DA:30,1
DA:32,1
DA:33,3
DA:37,1
DA:42,1
DA:43,1
DA:44,3
LF:13
LH:13
end_of_record
SF:lib\features\orders\data\mappers\user_carts_dto_mapper.dart
DA:5,2
DA:6,2
DA:7,2
DA:8,2
DA:9,2
DA:10,4
DA:16,2
DA:17,2
DA:18,2
DA:19,2
DA:20,2
DA:21,2
DA:22,10
DA:28,2
DA:29,2
DA:30,2
DA:31,2
DA:32,4
DA:33,2
DA:39,2
DA:40,2
DA:41,2
DA:42,2
DA:43,2
DA:44,2
DA:45,2
DA:46,2
DA:47,2
LF:28
LH:28
end_of_record
SF:lib\features\orders\domain\models\user_carts_model.dart
DA:7,8
DA:20,8
DA:38,8
DA:62,8
LF:4
LH:4
end_of_record
SF:lib\features\orders\data\repos\orders_repo_impl.dart
DA:12,1
DA:13,1
DA:15,2
DA:18,1
DA:19,1
DA:20,1
DA:21,1
DA:22,1
DA:23,2
DA:27,1
DA:32,2
DA:38,1
DA:39,1
DA:40,1
DA:41,1
DA:42,1
DA:43,2
DA:47,1
DA:49,2
DA:54,1
DA:55,1
DA:56,1
DA:57,1
DA:58,1
DA:59,2
DA:63,1
DA:68,1
DA:69,1
DA:72,1
DA:73,1
DA:74,1
DA:75,1
DA:76,1
DA:77,2
LF:34
LH:34
end_of_record
SF:lib\features\orders\domain\usecase\add_product_to_cart_usecase.dart
DA:9,1
DA:11,1
DA:12,2
LF:3
LH:3
end_of_record
SF:lib\features\orders\domain\usecase\delete_cart_item_usecase.dart
DA:9,1
DA:11,1
DA:12,2
LF:3
LH:3
end_of_record
SF:lib\features\orders\domain\usecase\get_user_carts_usecase.dart
DA:9,1
DA:11,3
LF:2
LH:2
end_of_record
SF:lib\features\orders\domain\usecase\update_cart_item_quantity_usecase.dart
DA:9,1
DA:11,1
DA:12,2
LF:3
LH:3
end_of_record
SF:lib\features\orders\presentation\manager\cart_cubit.dart
DA:19,1
DA:24,2
DA:28,1
DA:31,1
DA:32,1
DA:33,1
DA:34,3
DA:35,1
DA:36,2
DA:37,1
DA:38,1
DA:39,1
DA:40,1
DA:41,1
DA:46,1
DA:47,4
DA:48,2
DA:50,1
DA:51,1
DA:52,3
DA:53,1
DA:54,1
DA:55,0
DA:56,5
DA:58,1
DA:59,5
DA:63,1
DA:67,1
DA:68,3
DA:70,2
DA:75,1
DA:76,1
DA:77,3
DA:78,1
DA:79,1
DA:80,0
DA:81,1
DA:82,2
DA:83,2
DA:88,1
DA:89,5
DA:93,1
DA:94,4
DA:95,2
DA:99,1
DA:100,2
DA:103,3
DA:104,1
DA:105,1
DA:106,0
DA:108,1
DA:109,5
DA:111,1
DA:112,5
DA:116,1
DA:121,1
DA:122,1
DA:125,2
DA:126,4
DA:127,1
DA:128,1
DA:131,1
DA:132,1
DA:133,3
DA:134,1
DA:135,1
DA:136,0
DA:137,5
DA:139,1
DA:140,5
DA:144,0
DA:146,0
DA:147,0
DA:150,0
DA:151,0
DA:152,0
DA:153,0
DA:154,0
DA:159,0
DA:160,0
LF:80
LH:66
end_of_record
SF:lib\features\orders\presentation\manager\cart_intent.dart
DA:9,1
DA:15,1
DA:23,1
LF:3
LH:3
end_of_record
SF:lib\features\orders\presentation\manager\cart_states.dart
DA:10,1
DA:11,1
DA:15,1
DA:16,0
DA:17,1
LF:5
LH:4
end_of_record
